2020-09-30 15:45:40 Error: [RuntimeException] Your database does not have any tables. in C:\xampp\htdocs\FinSon\vendor\cakephp\bake\src\Utility\TableScanner.php on line 68
Stack Trace:
- C:\xampp\htdocs\FinSon\vendor\cakephp\bake\src\Utility\TableScanner.php:82
- C:\xampp\htdocs\FinSon\vendor\cakephp\bake\src\Command\AllCommand.php:85
- C:\xampp\htdocs\FinSon\vendor\cakephp\cakephp\src\Console\BaseCommand.php:179
- C:\xampp\htdocs\FinSon\vendor\cakephp\cakephp\src\Console\CommandRunner.php:336
- C:\xampp\htdocs\FinSon\vendor\cakephp\cakephp\src\Console\CommandRunner.php:171
- C:\xampp\htdocs\FinSon\bin\cake.php:12



2020-10-02 02:46:51 Error: [Cake\Database\Exception\MissingConnectionException] Connection to Mysql could not be established: SQLSTATE[HY000] [2002] No such file or directory in /Applications/MAMP/htdocs/FinSon/vendor/cakephp/cakephp/src/Database/Driver.php on line 140
Exception Attributes: array (
  'driver' => 'Mysql',
  'reason' => 'SQLSTATE[HY000] [2002] No such file or directory',
)
Stack Trace:
- /Applications/MAMP/htdocs/FinSon/vendor/cakephp/cakephp/src/Database/Driver/Mysql.php:178
- /Applications/MAMP/htdocs/FinSon/vendor/cakephp/cakephp/src/Database/Schema/SchemaDialect.php:47
- /Applications/MAMP/htdocs/FinSon/vendor/cakephp/cakephp/src/Database/Driver/Mysql.php:230
- /Applications/MAMP/htdocs/FinSon/vendor/cakephp/cakephp/src/Database/Schema/Collection.php:53
- /Applications/MAMP/htdocs/FinSon/vendor/cakephp/cakephp/src/Database/Connection.php:399
- /Applications/MAMP/htdocs/FinSon/vendor/cakephp/bake/src/Utility/TableScanner.php:65
- /Applications/MAMP/htdocs/FinSon/vendor/cakephp/bake/src/Utility/TableScanner.php:82
- /Applications/MAMP/htdocs/FinSon/vendor/cakephp/bake/src/Command/AllCommand.php:85
- /Applications/MAMP/htdocs/FinSon/vendor/cakephp/cakephp/src/Console/BaseCommand.php:179
- /Applications/MAMP/htdocs/FinSon/vendor/cakephp/cakephp/src/Console/CommandRunner.php:336
- /Applications/MAMP/htdocs/FinSon/vendor/cakephp/cakephp/src/Console/CommandRunner.php:171
- /Applications/MAMP/htdocs/FinSon/bin/cake.php:12

Caused by: [PDOException] SQLSTATE[HY000] [2002] No such file or directory in /Applications/MAMP/htdocs/FinSon/vendor/cakephp/cakephp/src/Database/Driver.php on line 132
Stack Trace:
- /Applications/MAMP/htdocs/FinSon/vendor/cakephp/cakephp/src/Database/Driver.php:132
- /Applications/MAMP/htdocs/FinSon/vendor/cakephp/cakephp/src/Core/Retry/CommandRetry.php:70
- /Applications/MAMP/htdocs/FinSon/vendor/cakephp/cakephp/src/Database/Driver.php:138
- /Applications/MAMP/htdocs/FinSon/vendor/cakephp/cakephp/src/Database/Driver/Mysql.php:178
- /Applications/MAMP/htdocs/FinSon/vendor/cakephp/cakephp/src/Database/Schema/SchemaDialect.php:47
- /Applications/MAMP/htdocs/FinSon/vendor/cakephp/cakephp/src/Database/Driver/Mysql.php:230
- /Applications/MAMP/htdocs/FinSon/vendor/cakephp/cakephp/src/Database/Schema/Collection.php:53
- /Applications/MAMP/htdocs/FinSon/vendor/cakephp/cakephp/src/Database/Connection.php:399
- /Applications/MAMP/htdocs/FinSon/vendor/cakephp/bake/src/Utility/TableScanner.php:65
- /Applications/MAMP/htdocs/FinSon/vendor/cakephp/bake/src/Utility/TableScanner.php:82
- /Applications/MAMP/htdocs/FinSon/vendor/cakephp/bake/src/Command/AllCommand.php:85
- /Applications/MAMP/htdocs/FinSon/vendor/cakephp/cakephp/src/Console/BaseCommand.php:179
- /Applications/MAMP/htdocs/FinSon/vendor/cakephp/cakephp/src/Console/CommandRunner.php:336
- /Applications/MAMP/htdocs/FinSon/vendor/cakephp/cakephp/src/Console/CommandRunner.php:171
- /Applications/MAMP/htdocs/FinSon/bin/cake.php:12



2020-10-02 20:04:58 Error: [Cake\View\Exception\MissingTemplateException] Template file `No bake template found for "Bake.Template/viewy" skipping file generation.` could not be found. in No bake template found for "Bake.Template/viewy" skipping file generation. on line 104
Exception Attributes: array (
  'file' => 'No bake template found for "Bake.Template/viewy" skipping file generation.',
  'paths' => 
  array (
  ),
)
Stack Trace:
- C:\xampp\htdocs\FinSon\vendor\cakephp\bake\src\Command\TemplateCommand.php:387
- C:\xampp\htdocs\FinSon\vendor\cakephp\bake\src\Command\TemplateCommand.php:342
- C:\xampp\htdocs\FinSon\vendor\cakephp\bake\src\Command\TemplateCommand.php:126
- C:\xampp\htdocs\FinSon\vendor\cakephp\cakephp\src\Console\BaseCommand.php:179
- C:\xampp\htdocs\FinSon\vendor\cakephp\cakephp\src\Console\CommandRunner.php:336
- C:\xampp\htdocs\FinSon\vendor\cakephp\cakephp\src\Console\CommandRunner.php:171
- C:\xampp\htdocs\FinSon\bin\cake.php:12



2020-10-02 20:11:30 Error: [Cake\View\Exception\MissingTemplateException] Template file `No bake template found for "Bake.Template/all" skipping file generation.` could not be found. in No bake template found for "Bake.Template/all" skipping file generation. on line 104
Exception Attributes: array (
  'file' => 'No bake template found for "Bake.Template/all" skipping file generation.',
  'paths' => 
  array (
  ),
)
Stack Trace:
- C:\xampp\htdocs\FinSon\vendor\cakephp\bake\src\Command\TemplateCommand.php:387
- C:\xampp\htdocs\FinSon\vendor\cakephp\bake\src\Command\TemplateCommand.php:342
- C:\xampp\htdocs\FinSon\vendor\cakephp\bake\src\Command\TemplateCommand.php:126
- C:\xampp\htdocs\FinSon\vendor\cakephp\cakephp\src\Console\BaseCommand.php:179
- C:\xampp\htdocs\FinSon\vendor\cakephp\cakephp\src\Console\CommandRunner.php:336
- C:\xampp\htdocs\FinSon\vendor\cakephp\cakephp\src\Console\CommandRunner.php:171
- C:\xampp\htdocs\FinSon\bin\cake.php:12



2020-10-03 02:36:42 Error: [Cake\Database\Exception\MissingConnectionException] Connection to Mysql could not be established: SQLSTATE[HY000] [2002] No such file or directory in /Applications/MAMP/htdocs/FinSon/vendor/cakephp/cakephp/src/Database/Driver.php on line 140
Exception Attributes: array (
  'driver' => 'Mysql',
  'reason' => 'SQLSTATE[HY000] [2002] No such file or directory',
)
Stack Trace:
- /Applications/MAMP/htdocs/FinSon/vendor/cakephp/cakephp/src/Database/Driver/Mysql.php:178
- /Applications/MAMP/htdocs/FinSon/vendor/cakephp/cakephp/src/Database/Schema/SchemaDialect.php:47
- /Applications/MAMP/htdocs/FinSon/vendor/cakephp/cakephp/src/Database/Driver/Mysql.php:230
- /Applications/MAMP/htdocs/FinSon/vendor/cakephp/cakephp/src/Database/Schema/Collection.php:53
- /Applications/MAMP/htdocs/FinSon/vendor/cakephp/cakephp/src/Database/Connection.php:399
- /Applications/MAMP/htdocs/FinSon/vendor/cakephp/bake/src/Utility/TableScanner.php:65
- /Applications/MAMP/htdocs/FinSon/vendor/cakephp/bake/src/Utility/TableScanner.php:82
- /Applications/MAMP/htdocs/FinSon/vendor/cakephp/bake/src/Command/AllCommand.php:85
- /Applications/MAMP/htdocs/FinSon/vendor/cakephp/cakephp/src/Console/BaseCommand.php:179
- /Applications/MAMP/htdocs/FinSon/vendor/cakephp/cakephp/src/Console/CommandRunner.php:336
- /Applications/MAMP/htdocs/FinSon/vendor/cakephp/cakephp/src/Console/CommandRunner.php:171
- /Applications/MAMP/htdocs/FinSon/bin/cake.php:12

Caused by: [PDOException] SQLSTATE[HY000] [2002] No such file or directory in /Applications/MAMP/htdocs/FinSon/vendor/cakephp/cakephp/src/Database/Driver.php on line 132
Stack Trace:
- /Applications/MAMP/htdocs/FinSon/vendor/cakephp/cakephp/src/Database/Driver.php:132
- /Applications/MAMP/htdocs/FinSon/vendor/cakephp/cakephp/src/Core/Retry/CommandRetry.php:70
- /Applications/MAMP/htdocs/FinSon/vendor/cakephp/cakephp/src/Database/Driver.php:138
- /Applications/MAMP/htdocs/FinSon/vendor/cakephp/cakephp/src/Database/Driver/Mysql.php:178
- /Applications/MAMP/htdocs/FinSon/vendor/cakephp/cakephp/src/Database/Schema/SchemaDialect.php:47
- /Applications/MAMP/htdocs/FinSon/vendor/cakephp/cakephp/src/Database/Driver/Mysql.php:230
- /Applications/MAMP/htdocs/FinSon/vendor/cakephp/cakephp/src/Database/Schema/Collection.php:53
- /Applications/MAMP/htdocs/FinSon/vendor/cakephp/cakephp/src/Database/Connection.php:399
- /Applications/MAMP/htdocs/FinSon/vendor/cakephp/bake/src/Utility/TableScanner.php:65
- /Applications/MAMP/htdocs/FinSon/vendor/cakephp/bake/src/Utility/TableScanner.php:82
- /Applications/MAMP/htdocs/FinSon/vendor/cakephp/bake/src/Command/AllCommand.php:85
- /Applications/MAMP/htdocs/FinSon/vendor/cakephp/cakephp/src/Console/BaseCommand.php:179
- /Applications/MAMP/htdocs/FinSon/vendor/cakephp/cakephp/src/Console/CommandRunner.php:336
- /Applications/MAMP/htdocs/FinSon/vendor/cakephp/cakephp/src/Console/CommandRunner.php:171
- /Applications/MAMP/htdocs/FinSon/bin/cake.php:12



2020-10-03 02:52:03 Error: [Cake\Database\Exception] SQLSTATE[42S02]: Base table or view not found: 1146 Table 'dev_finson_db.bps_type_addresses' doesn't exist in /Applications/MAMP/htdocs/FinSon/vendor/cakephp/cakephp/src/Database/Schema/Collection.php on line 142
Stack Trace:
- /Applications/MAMP/htdocs/FinSon/vendor/cakephp/cakephp/src/Database/Schema/Collection.php:100
- /Applications/MAMP/htdocs/FinSon/vendor/cakephp/cakephp/src/Database/Schema/CachedCollection.php:84
- /Applications/MAMP/htdocs/FinSon/vendor/cakephp/cakephp/src/ORM/Table.php:509
- /Applications/MAMP/htdocs/FinSon/vendor/cakephp/cakephp/src/ORM/Table.php:649
- /Applications/MAMP/htdocs/FinSon/vendor/cakephp/bake/src/Command/ModelCommand.php:199
- /Applications/MAMP/htdocs/FinSon/vendor/cakephp/bake/src/Command/ModelCommand.php:122
- /Applications/MAMP/htdocs/FinSon/vendor/cakephp/bake/src/Command/ModelCommand.php:98
- /Applications/MAMP/htdocs/FinSon/vendor/cakephp/bake/src/Command/ModelCommand.php:81
- /Applications/MAMP/htdocs/FinSon/vendor/cakephp/bake/src/Command/AllCommand.php:102
- /Applications/MAMP/htdocs/FinSon/vendor/cakephp/cakephp/src/Console/BaseCommand.php:179
- /Applications/MAMP/htdocs/FinSon/vendor/cakephp/cakephp/src/Console/CommandRunner.php:336
- /Applications/MAMP/htdocs/FinSon/vendor/cakephp/cakephp/src/Console/CommandRunner.php:171
- /Applications/MAMP/htdocs/FinSon/bin/cake.php:12

Caused by: [PDOException] SQLSTATE[42S02]: Base table or view not found: 1146 Table 'dev_finson_db.bps_type_addresses' doesn't exist in /Applications/MAMP/htdocs/FinSon/vendor/cakephp/cakephp/src/Database/Statement/MysqlStatement.php on line 39
Stack Trace:
- /Applications/MAMP/htdocs/FinSon/vendor/cakephp/cakephp/src/Database/Statement/MysqlStatement.php:39
- /Applications/MAMP/htdocs/FinSon/vendor/cakephp/cakephp/src/Database/Connection.php:310
- /Applications/MAMP/htdocs/FinSon/vendor/cakephp/cakephp/src/Core/Retry/CommandRetry.php:70
- /Applications/MAMP/htdocs/FinSon/vendor/cakephp/cakephp/src/Database/Connection.php:313
- /Applications/MAMP/htdocs/FinSon/vendor/cakephp/cakephp/src/Database/Schema/Collection.php:140
- /Applications/MAMP/htdocs/FinSon/vendor/cakephp/cakephp/src/Database/Schema/Collection.php:100
- /Applications/MAMP/htdocs/FinSon/vendor/cakephp/cakephp/src/Database/Schema/CachedCollection.php:84
- /Applications/MAMP/htdocs/FinSon/vendor/cakephp/cakephp/src/ORM/Table.php:509
- /Applications/MAMP/htdocs/FinSon/vendor/cakephp/cakephp/src/ORM/Table.php:649
- /Applications/MAMP/htdocs/FinSon/vendor/cakephp/bake/src/Command/ModelCommand.php:199
- /Applications/MAMP/htdocs/FinSon/vendor/cakephp/bake/src/Command/ModelCommand.php:122
- /Applications/MAMP/htdocs/FinSon/vendor/cakephp/bake/src/Command/ModelCommand.php:98
- /Applications/MAMP/htdocs/FinSon/vendor/cakephp/bake/src/Command/ModelCommand.php:81
- /Applications/MAMP/htdocs/FinSon/vendor/cakephp/bake/src/Command/AllCommand.php:102
- /Applications/MAMP/htdocs/FinSon/vendor/cakephp/cakephp/src/Console/BaseCommand.php:179
- /Applications/MAMP/htdocs/FinSon/vendor/cakephp/cakephp/src/Console/CommandRunner.php:336
- /Applications/MAMP/htdocs/FinSon/vendor/cakephp/cakephp/src/Console/CommandRunner.php:171
- /Applications/MAMP/htdocs/FinSon/bin/cake.php:12



