2020-09-30 17:41:41 Notice: Notice (1024): Undefined property: StructuresStatesController::$StructuresCountries in C:\xampp\htdocs\FinSon\src\Controller\StructuresStatesController.php on line 64 in [C:\xampp\htdocs\FinSon\vendor\cakephp\cakephp\src\Controller\Controller.php, line 319]
Request URL: /structures-states/add
Referer URL: http://192.168.0.5/FinSon/structures-states
Client IP: 192.168.0.115
Trace:
Cake\Error\BaseErrorHandler::handleError() - CORE\src\Error\BaseErrorHandler.php, line 188
DebugKit\Plugin::DebugKit\{closure}() - ROOT\vendor\cakephp\debug_kit\src\Plugin.php, line 105
Cake\Controller\Controller::__get() - CORE\src\Controller\Controller.php, line 319
App\Controller\StructuresStatesController::add() - APP/Controller\StructuresStatesController.php, line 64
Cake\Controller\Controller::invokeAction() - CORE\src\Controller\Controller.php, line 529
Cake\Controller\ControllerFactory::invoke() - CORE\src\Controller\ControllerFactory.php, line 79
Cake\Http\BaseApplication::handle() - CORE\src\Http\BaseApplication.php, line 251
Cake\Http\Runner::handle() - CORE\src\Http\Runner.php, line 77
Cake\Http\Middleware\CsrfProtectionMiddleware::process() - CORE\src\Http\Middleware\CsrfProtectionMiddleware.php, line 156
Cake\Http\Runner::handle() - CORE\src\Http\Runner.php, line 73
Cake\Http\Middleware\BodyParserMiddleware::process() - CORE\src\Http\Middleware\BodyParserMiddleware.php, line 159
Cake\Http\Runner::handle() - CORE\src\Http\Runner.php, line 73
Cake\Routing\Middleware\RoutingMiddleware::process() - CORE\src\Routing\Middleware\RoutingMiddleware.php, line 166
Cake\Http\Runner::handle() - CORE\src\Http\Runner.php, line 73
Cake\Routing\Middleware\AssetMiddleware::process() - CORE\src\Routing\Middleware\AssetMiddleware.php, line 68
Cake\Http\Runner::handle() - CORE\src\Http\Runner.php, line 73
Cake\Error\Middleware\ErrorHandlerMiddleware::process() - CORE\src\Error\Middleware\ErrorHandlerMiddleware.php, line 121
Cake\Http\Runner::handle() - CORE\src\Http\Runner.php, line 73
DebugKit\Middleware\DebugKitMiddleware::process() - ROOT\vendor\cakephp\debug_kit\src\Middleware\DebugKitMiddleware.php, line 60
Cake\Http\Runner::handle() - CORE\src\Http\Runner.php, line 73
Cake\Http\Runner::run() - CORE\src\Http\Runner.php, line 58
Cake\Http\Server::run() - CORE\src\Http\Server.php, line 90
[main] - ROOT\webroot\index.php, line 40

2020-09-30 17:44:17 Notice: Notice (1024): Undefined property: StructuresStatesController::$StructuresCountries in C:\xampp\htdocs\FinSon\src\Controller\StructuresStatesController.php on line 64 in [C:\xampp\htdocs\FinSon\vendor\cakephp\cakephp\src\Controller\Controller.php, line 319]
Request URL: /structures-states/add
Referer URL: http://192.168.0.5/FinSon/structures-states
Client IP: 192.168.0.115
Trace:
Cake\Error\BaseErrorHandler::handleError() - CORE\src\Error\BaseErrorHandler.php, line 188
DebugKit\Plugin::DebugKit\{closure}() - ROOT\vendor\cakephp\debug_kit\src\Plugin.php, line 105
Cake\Controller\Controller::__get() - CORE\src\Controller\Controller.php, line 319
App\Controller\StructuresStatesController::add() - APP/Controller\StructuresStatesController.php, line 64
Cake\Controller\Controller::invokeAction() - CORE\src\Controller\Controller.php, line 529
Cake\Controller\ControllerFactory::invoke() - CORE\src\Controller\ControllerFactory.php, line 79
Cake\Http\BaseApplication::handle() - CORE\src\Http\BaseApplication.php, line 251
Cake\Http\Runner::handle() - CORE\src\Http\Runner.php, line 77
Cake\Http\Middleware\CsrfProtectionMiddleware::process() - CORE\src\Http\Middleware\CsrfProtectionMiddleware.php, line 156
Cake\Http\Runner::handle() - CORE\src\Http\Runner.php, line 73
Cake\Http\Middleware\BodyParserMiddleware::process() - CORE\src\Http\Middleware\BodyParserMiddleware.php, line 159
Cake\Http\Runner::handle() - CORE\src\Http\Runner.php, line 73
Cake\Routing\Middleware\RoutingMiddleware::process() - CORE\src\Routing\Middleware\RoutingMiddleware.php, line 166
Cake\Http\Runner::handle() - CORE\src\Http\Runner.php, line 73
Cake\Routing\Middleware\AssetMiddleware::process() - CORE\src\Routing\Middleware\AssetMiddleware.php, line 68
Cake\Http\Runner::handle() - CORE\src\Http\Runner.php, line 73
Cake\Error\Middleware\ErrorHandlerMiddleware::process() - CORE\src\Error\Middleware\ErrorHandlerMiddleware.php, line 121
Cake\Http\Runner::handle() - CORE\src\Http\Runner.php, line 73
DebugKit\Middleware\DebugKitMiddleware::process() - ROOT\vendor\cakephp\debug_kit\src\Middleware\DebugKitMiddleware.php, line 60
Cake\Http\Runner::handle() - CORE\src\Http\Runner.php, line 73
Cake\Http\Runner::run() - CORE\src\Http\Runner.php, line 58
Cake\Http\Server::run() - CORE\src\Http\Server.php, line 90
[main] - ROOT\webroot\index.php, line 40

2020-09-30 17:44:53 Notice: Notice (1024): Undefined property: StructuresStatesController::$StructuresCountries in C:\xampp\htdocs\FinSon\src\Controller\StructuresStatesController.php on line 64 in [C:\xampp\htdocs\FinSon\vendor\cakephp\cakephp\src\Controller\Controller.php, line 319]
Request URL: /structures-states/add
Referer URL: http://192.168.0.5/FinSon/structures-states
Client IP: 192.168.0.115
Trace:
Cake\Error\BaseErrorHandler::handleError() - CORE\src\Error\BaseErrorHandler.php, line 188
DebugKit\Plugin::DebugKit\{closure}() - ROOT\vendor\cakephp\debug_kit\src\Plugin.php, line 105
Cake\Controller\Controller::__get() - CORE\src\Controller\Controller.php, line 319
App\Controller\StructuresStatesController::add() - APP/Controller\StructuresStatesController.php, line 64
Cake\Controller\Controller::invokeAction() - CORE\src\Controller\Controller.php, line 529
Cake\Controller\ControllerFactory::invoke() - CORE\src\Controller\ControllerFactory.php, line 79
Cake\Http\BaseApplication::handle() - CORE\src\Http\BaseApplication.php, line 251
Cake\Http\Runner::handle() - CORE\src\Http\Runner.php, line 77
Cake\Http\Middleware\CsrfProtectionMiddleware::process() - CORE\src\Http\Middleware\CsrfProtectionMiddleware.php, line 156
Cake\Http\Runner::handle() - CORE\src\Http\Runner.php, line 73
Cake\Http\Middleware\BodyParserMiddleware::process() - CORE\src\Http\Middleware\BodyParserMiddleware.php, line 159
Cake\Http\Runner::handle() - CORE\src\Http\Runner.php, line 73
Cake\Routing\Middleware\RoutingMiddleware::process() - CORE\src\Routing\Middleware\RoutingMiddleware.php, line 166
Cake\Http\Runner::handle() - CORE\src\Http\Runner.php, line 73
Cake\Routing\Middleware\AssetMiddleware::process() - CORE\src\Routing\Middleware\AssetMiddleware.php, line 68
Cake\Http\Runner::handle() - CORE\src\Http\Runner.php, line 73
Cake\Error\Middleware\ErrorHandlerMiddleware::process() - CORE\src\Error\Middleware\ErrorHandlerMiddleware.php, line 121
Cake\Http\Runner::handle() - CORE\src\Http\Runner.php, line 73
DebugKit\Middleware\DebugKitMiddleware::process() - ROOT\vendor\cakephp\debug_kit\src\Middleware\DebugKitMiddleware.php, line 60
Cake\Http\Runner::handle() - CORE\src\Http\Runner.php, line 73
Cake\Http\Runner::run() - CORE\src\Http\Runner.php, line 58
Cake\Http\Server::run() - CORE\src\Http\Server.php, line 90
[main] - ROOT\webroot\index.php, line 40

2020-09-30 17:45:10 Notice: Notice (1024): Undefined property: StructuresStatesController::$StructuresCountries in C:\xampp\htdocs\FinSon\src\Controller\StructuresStatesController.php on line 64 in [C:\xampp\htdocs\FinSon\vendor\cakephp\cakephp\src\Controller\Controller.php, line 319]
Request URL: /structures-states/add
Referer URL: http://192.168.0.5/FinSon/structures-states
Client IP: 192.168.0.115
Trace:
Cake\Error\BaseErrorHandler::handleError() - CORE\src\Error\BaseErrorHandler.php, line 188
DebugKit\Plugin::DebugKit\{closure}() - ROOT\vendor\cakephp\debug_kit\src\Plugin.php, line 105
Cake\Controller\Controller::__get() - CORE\src\Controller\Controller.php, line 319
App\Controller\StructuresStatesController::add() - APP/Controller\StructuresStatesController.php, line 64
Cake\Controller\Controller::invokeAction() - CORE\src\Controller\Controller.php, line 529
Cake\Controller\ControllerFactory::invoke() - CORE\src\Controller\ControllerFactory.php, line 79
Cake\Http\BaseApplication::handle() - CORE\src\Http\BaseApplication.php, line 251
Cake\Http\Runner::handle() - CORE\src\Http\Runner.php, line 77
Cake\Http\Middleware\CsrfProtectionMiddleware::process() - CORE\src\Http\Middleware\CsrfProtectionMiddleware.php, line 156
Cake\Http\Runner::handle() - CORE\src\Http\Runner.php, line 73
Cake\Http\Middleware\BodyParserMiddleware::process() - CORE\src\Http\Middleware\BodyParserMiddleware.php, line 159
Cake\Http\Runner::handle() - CORE\src\Http\Runner.php, line 73
Cake\Routing\Middleware\RoutingMiddleware::process() - CORE\src\Routing\Middleware\RoutingMiddleware.php, line 166
Cake\Http\Runner::handle() - CORE\src\Http\Runner.php, line 73
Cake\Routing\Middleware\AssetMiddleware::process() - CORE\src\Routing\Middleware\AssetMiddleware.php, line 68
Cake\Http\Runner::handle() - CORE\src\Http\Runner.php, line 73
Cake\Error\Middleware\ErrorHandlerMiddleware::process() - CORE\src\Error\Middleware\ErrorHandlerMiddleware.php, line 121
Cake\Http\Runner::handle() - CORE\src\Http\Runner.php, line 73
DebugKit\Middleware\DebugKitMiddleware::process() - ROOT\vendor\cakephp\debug_kit\src\Middleware\DebugKitMiddleware.php, line 60
Cake\Http\Runner::handle() - CORE\src\Http\Runner.php, line 73
Cake\Http\Runner::run() - CORE\src\Http\Runner.php, line 58
Cake\Http\Server::run() - CORE\src\Http\Server.php, line 90
[main] - ROOT\webroot\index.php, line 40

2020-09-30 17:45:40 Notice: Notice (1024): Undefined property: StructuresStatesController::$StructuresCountries in C:\xampp\htdocs\FinSon\src\Controller\StructuresStatesController.php on line 64 in [C:\xampp\htdocs\FinSon\vendor\cakephp\cakephp\src\Controller\Controller.php, line 319]
Request URL: /structures-states/add
Referer URL: http://192.168.0.5/FinSon/structures-states
Client IP: 192.168.0.115
Trace:
Cake\Error\BaseErrorHandler::handleError() - CORE\src\Error\BaseErrorHandler.php, line 188
DebugKit\Plugin::DebugKit\{closure}() - ROOT\vendor\cakephp\debug_kit\src\Plugin.php, line 105
Cake\Controller\Controller::__get() - CORE\src\Controller\Controller.php, line 319
App\Controller\StructuresStatesController::add() - APP/Controller\StructuresStatesController.php, line 64
Cake\Controller\Controller::invokeAction() - CORE\src\Controller\Controller.php, line 529
Cake\Controller\ControllerFactory::invoke() - CORE\src\Controller\ControllerFactory.php, line 79
Cake\Http\BaseApplication::handle() - CORE\src\Http\BaseApplication.php, line 251
Cake\Http\Runner::handle() - CORE\src\Http\Runner.php, line 77
Cake\Http\Middleware\CsrfProtectionMiddleware::process() - CORE\src\Http\Middleware\CsrfProtectionMiddleware.php, line 156
Cake\Http\Runner::handle() - CORE\src\Http\Runner.php, line 73
Cake\Http\Middleware\BodyParserMiddleware::process() - CORE\src\Http\Middleware\BodyParserMiddleware.php, line 159
Cake\Http\Runner::handle() - CORE\src\Http\Runner.php, line 73
Cake\Routing\Middleware\RoutingMiddleware::process() - CORE\src\Routing\Middleware\RoutingMiddleware.php, line 166
Cake\Http\Runner::handle() - CORE\src\Http\Runner.php, line 73
Cake\Routing\Middleware\AssetMiddleware::process() - CORE\src\Routing\Middleware\AssetMiddleware.php, line 68
Cake\Http\Runner::handle() - CORE\src\Http\Runner.php, line 73
Cake\Error\Middleware\ErrorHandlerMiddleware::process() - CORE\src\Error\Middleware\ErrorHandlerMiddleware.php, line 121
Cake\Http\Runner::handle() - CORE\src\Http\Runner.php, line 73
DebugKit\Middleware\DebugKitMiddleware::process() - ROOT\vendor\cakephp\debug_kit\src\Middleware\DebugKitMiddleware.php, line 60
Cake\Http\Runner::handle() - CORE\src\Http\Runner.php, line 73
Cake\Http\Runner::run() - CORE\src\Http\Runner.php, line 58
Cake\Http\Server::run() - CORE\src\Http\Server.php, line 90
[main] - ROOT\webroot\index.php, line 40

2020-09-30 17:46:00 Notice: Notice (1024): Undefined property: StructuresStatesController::$StructuresCountries in C:\xampp\htdocs\FinSon\src\Controller\StructuresStatesController.php on line 64 in [C:\xampp\htdocs\FinSon\vendor\cakephp\cakephp\src\Controller\Controller.php, line 319]
Request URL: /structures-states/add
Referer URL: http://192.168.0.5/FinSon/structures-states
Client IP: 192.168.0.115
Trace:
Cake\Error\BaseErrorHandler::handleError() - CORE\src\Error\BaseErrorHandler.php, line 188
DebugKit\Plugin::DebugKit\{closure}() - ROOT\vendor\cakephp\debug_kit\src\Plugin.php, line 105
Cake\Controller\Controller::__get() - CORE\src\Controller\Controller.php, line 319
App\Controller\StructuresStatesController::add() - APP/Controller\StructuresStatesController.php, line 64
Cake\Controller\Controller::invokeAction() - CORE\src\Controller\Controller.php, line 529
Cake\Controller\ControllerFactory::invoke() - CORE\src\Controller\ControllerFactory.php, line 79
Cake\Http\BaseApplication::handle() - CORE\src\Http\BaseApplication.php, line 251
Cake\Http\Runner::handle() - CORE\src\Http\Runner.php, line 77
Cake\Http\Middleware\CsrfProtectionMiddleware::process() - CORE\src\Http\Middleware\CsrfProtectionMiddleware.php, line 156
Cake\Http\Runner::handle() - CORE\src\Http\Runner.php, line 73
Cake\Http\Middleware\BodyParserMiddleware::process() - CORE\src\Http\Middleware\BodyParserMiddleware.php, line 159
Cake\Http\Runner::handle() - CORE\src\Http\Runner.php, line 73
Cake\Routing\Middleware\RoutingMiddleware::process() - CORE\src\Routing\Middleware\RoutingMiddleware.php, line 166
Cake\Http\Runner::handle() - CORE\src\Http\Runner.php, line 73
Cake\Routing\Middleware\AssetMiddleware::process() - CORE\src\Routing\Middleware\AssetMiddleware.php, line 68
Cake\Http\Runner::handle() - CORE\src\Http\Runner.php, line 73
Cake\Error\Middleware\ErrorHandlerMiddleware::process() - CORE\src\Error\Middleware\ErrorHandlerMiddleware.php, line 121
Cake\Http\Runner::handle() - CORE\src\Http\Runner.php, line 73
DebugKit\Middleware\DebugKitMiddleware::process() - ROOT\vendor\cakephp\debug_kit\src\Middleware\DebugKitMiddleware.php, line 60
Cake\Http\Runner::handle() - CORE\src\Http\Runner.php, line 73
Cake\Http\Runner::run() - CORE\src\Http\Runner.php, line 58
Cake\Http\Server::run() - CORE\src\Http\Server.php, line 90
[main] - ROOT\webroot\index.php, line 40

2020-09-30 17:46:29 Notice: Notice (1024): Undefined property: StructuresStatesController::$StructuresCountries in C:\xampp\htdocs\FinSon\src\Controller\StructuresStatesController.php on line 64 in [C:\xampp\htdocs\FinSon\vendor\cakephp\cakephp\src\Controller\Controller.php, line 319]
Request URL: /structures-states/add
Referer URL: http://192.168.0.5/FinSon/structures-states
Client IP: 192.168.0.115
Trace:
Cake\Error\BaseErrorHandler::handleError() - CORE\src\Error\BaseErrorHandler.php, line 188
DebugKit\Plugin::DebugKit\{closure}() - ROOT\vendor\cakephp\debug_kit\src\Plugin.php, line 105
Cake\Controller\Controller::__get() - CORE\src\Controller\Controller.php, line 319
App\Controller\StructuresStatesController::add() - APP/Controller\StructuresStatesController.php, line 64
Cake\Controller\Controller::invokeAction() - CORE\src\Controller\Controller.php, line 529
Cake\Controller\ControllerFactory::invoke() - CORE\src\Controller\ControllerFactory.php, line 79
Cake\Http\BaseApplication::handle() - CORE\src\Http\BaseApplication.php, line 251
Cake\Http\Runner::handle() - CORE\src\Http\Runner.php, line 77
Cake\Http\Middleware\CsrfProtectionMiddleware::process() - CORE\src\Http\Middleware\CsrfProtectionMiddleware.php, line 156
Cake\Http\Runner::handle() - CORE\src\Http\Runner.php, line 73
Cake\Http\Middleware\BodyParserMiddleware::process() - CORE\src\Http\Middleware\BodyParserMiddleware.php, line 159
Cake\Http\Runner::handle() - CORE\src\Http\Runner.php, line 73
Cake\Routing\Middleware\RoutingMiddleware::process() - CORE\src\Routing\Middleware\RoutingMiddleware.php, line 166
Cake\Http\Runner::handle() - CORE\src\Http\Runner.php, line 73
Cake\Routing\Middleware\AssetMiddleware::process() - CORE\src\Routing\Middleware\AssetMiddleware.php, line 68
Cake\Http\Runner::handle() - CORE\src\Http\Runner.php, line 73
Cake\Error\Middleware\ErrorHandlerMiddleware::process() - CORE\src\Error\Middleware\ErrorHandlerMiddleware.php, line 121
Cake\Http\Runner::handle() - CORE\src\Http\Runner.php, line 73
DebugKit\Middleware\DebugKitMiddleware::process() - ROOT\vendor\cakephp\debug_kit\src\Middleware\DebugKitMiddleware.php, line 60
Cake\Http\Runner::handle() - CORE\src\Http\Runner.php, line 73
Cake\Http\Runner::run() - CORE\src\Http\Runner.php, line 58
Cake\Http\Server::run() - CORE\src\Http\Server.php, line 90
[main] - ROOT\webroot\index.php, line 40

2020-09-30 18:57:44 Notice: Notice (1024): Undefined property: StructuresStatesController::$StructuresCountries in C:\xampp\htdocs\FinSon\src\Controller\StructuresStatesController.php on line 64 in [C:\xampp\htdocs\FinSon\vendor\cakephp\cakephp\src\Controller\Controller.php, line 319]
Request URL: /structures-states/add
Referer URL: http://localhost/FinSon/structures-states
Trace:
Cake\Error\BaseErrorHandler::handleError() - CORE\src\Error\BaseErrorHandler.php, line 188
DebugKit\Plugin::DebugKit\{closure}() - ROOT\vendor\cakephp\debug_kit\src\Plugin.php, line 105
Cake\Controller\Controller::__get() - CORE\src\Controller\Controller.php, line 319
App\Controller\StructuresStatesController::add() - APP/Controller\StructuresStatesController.php, line 64
Cake\Controller\Controller::invokeAction() - CORE\src\Controller\Controller.php, line 529
Cake\Controller\ControllerFactory::invoke() - CORE\src\Controller\ControllerFactory.php, line 79
Cake\Http\BaseApplication::handle() - CORE\src\Http\BaseApplication.php, line 251
Cake\Http\Runner::handle() - CORE\src\Http\Runner.php, line 77
Cake\Http\Middleware\CsrfProtectionMiddleware::process() - CORE\src\Http\Middleware\CsrfProtectionMiddleware.php, line 156
Cake\Http\Runner::handle() - CORE\src\Http\Runner.php, line 73
Cake\Http\Middleware\BodyParserMiddleware::process() - CORE\src\Http\Middleware\BodyParserMiddleware.php, line 159
Cake\Http\Runner::handle() - CORE\src\Http\Runner.php, line 73
Cake\Routing\Middleware\RoutingMiddleware::process() - CORE\src\Routing\Middleware\RoutingMiddleware.php, line 166
Cake\Http\Runner::handle() - CORE\src\Http\Runner.php, line 73
Cake\Routing\Middleware\AssetMiddleware::process() - CORE\src\Routing\Middleware\AssetMiddleware.php, line 68
Cake\Http\Runner::handle() - CORE\src\Http\Runner.php, line 73
Cake\Error\Middleware\ErrorHandlerMiddleware::process() - CORE\src\Error\Middleware\ErrorHandlerMiddleware.php, line 121
Cake\Http\Runner::handle() - CORE\src\Http\Runner.php, line 73
DebugKit\Middleware\DebugKitMiddleware::process() - ROOT\vendor\cakephp\debug_kit\src\Middleware\DebugKitMiddleware.php, line 60
Cake\Http\Runner::handle() - CORE\src\Http\Runner.php, line 73
Cake\Http\Runner::run() - CORE\src\Http\Runner.php, line 58
Cake\Http\Server::run() - CORE\src\Http\Server.php, line 90
[main] - ROOT\webroot\index.php, line 40

