2020-09-30 15:49:17 Error: Fatal Error (1): Maximum execution time of 120 seconds exceeded in [C:\xampp\htdocs\FinSon\vendor\cakephp\cakephp\src\Core\Retry\CommandRetry.php, line 70]
Request URL: /
Trace:
Cake\Error\BaseErrorHandler::handleFatalError() - CORE\src\Error\BaseErrorHandler.php, line 258
Cake\Error\BaseErrorHandler::Cake\Error\{closure}() - CORE\src\Error\BaseErrorHandler.php, line 122
[main] - [internal], line ??

2020-09-30 17:41:41 Error: [Error] Call to a member function find() on null in C:\xampp\htdocs\FinSon\src\Controller\StructuresStatesController.php on line 64
Stack Trace:
- C:\xampp\htdocs\FinSon\vendor\cakephp\cakephp\src\Controller\Controller.php:529
- C:\xampp\htdocs\FinSon\vendor\cakephp\cakephp\src\Controller\ControllerFactory.php:79
- C:\xampp\htdocs\FinSon\vendor\cakephp\cakephp\src\Http\BaseApplication.php:251
- C:\xampp\htdocs\FinSon\vendor\cakephp\cakephp\src\Http\Runner.php:77
- C:\xampp\htdocs\FinSon\vendor\cakephp\cakephp\src\Http\Middleware\CsrfProtectionMiddleware.php:156
- C:\xampp\htdocs\FinSon\vendor\cakephp\cakephp\src\Http\Runner.php:73
- C:\xampp\htdocs\FinSon\vendor\cakephp\cakephp\src\Http\Middleware\BodyParserMiddleware.php:159
- C:\xampp\htdocs\FinSon\vendor\cakephp\cakephp\src\Http\Runner.php:73
- C:\xampp\htdocs\FinSon\vendor\cakephp\cakephp\src\Routing\Middleware\RoutingMiddleware.php:166
- C:\xampp\htdocs\FinSon\vendor\cakephp\cakephp\src\Http\Runner.php:73
- C:\xampp\htdocs\FinSon\vendor\cakephp\cakephp\src\Routing\Middleware\AssetMiddleware.php:68
- C:\xampp\htdocs\FinSon\vendor\cakephp\cakephp\src\Http\Runner.php:73
- C:\xampp\htdocs\FinSon\vendor\cakephp\cakephp\src\Error\Middleware\ErrorHandlerMiddleware.php:121
- C:\xampp\htdocs\FinSon\vendor\cakephp\cakephp\src\Http\Runner.php:73
- C:\xampp\htdocs\FinSon\vendor\cakephp\debug_kit\src\Middleware\DebugKitMiddleware.php:60
- C:\xampp\htdocs\FinSon\vendor\cakephp\cakephp\src\Http\Runner.php:73
- C:\xampp\htdocs\FinSon\vendor\cakephp\cakephp\src\Http\Runner.php:58
- C:\xampp\htdocs\FinSon\vendor\cakephp\cakephp\src\Http\Server.php:90
- C:\xampp\htdocs\FinSon\webroot\index.php:40

Request URL: /structures-states/add
Referer URL: http://192.168.0.5/FinSon/structures-states
Client IP: 192.168.0.115


2020-09-30 17:41:41 Warning: Warning (512): Unable to emit headers. Headers sent in file=C:\xampp\htdocs\FinSon\vendor\cakephp\cakephp\src\Error\Debugger.php line=954 in [C:\xampp\htdocs\FinSon\vendor\cakephp\cakephp\src\Http\ResponseEmitter.php, line 71]
Request URL: /structures-states/add
Referer URL: http://192.168.0.5/FinSon/structures-states
Client IP: 192.168.0.115
Trace:
Cake\Error\BaseErrorHandler::handleError() - CORE\src\Error\BaseErrorHandler.php, line 188
DebugKit\Plugin::DebugKit\{closure}() - ROOT\vendor\cakephp\debug_kit\src\Plugin.php, line 105
Cake\Http\ResponseEmitter::emit() - CORE\src\Http\ResponseEmitter.php, line 71
Cake\Http\Server::emit() - CORE\src\Http\Server.php, line 130
[main] - ROOT\webroot\index.php, line 40

2020-09-30 17:41:41 Warning: Warning (2): Cannot modify header information - headers already sent by (output started at C:\xampp\htdocs\FinSon\vendor\cakephp\cakephp\src\Error\Debugger.php:954) in [C:\xampp\htdocs\FinSon\vendor\cakephp\cakephp\src\Http\ResponseEmitter.php, line 168]
Request URL: /structures-states/add
Referer URL: http://192.168.0.5/FinSon/structures-states
Client IP: 192.168.0.115
Trace:
Cake\Error\BaseErrorHandler::handleError() - CORE\src\Error\BaseErrorHandler.php, line 188
DebugKit\Plugin::DebugKit\{closure}() - ROOT\vendor\cakephp\debug_kit\src\Plugin.php, line 105
header - [internal], line ??
Cake\Http\ResponseEmitter::emitStatusLine() - CORE\src\Http\ResponseEmitter.php, line 168
Cake\Http\ResponseEmitter::emit() - CORE\src\Http\ResponseEmitter.php, line 74
Cake\Http\Server::emit() - CORE\src\Http\Server.php, line 130
[main] - ROOT\webroot\index.php, line 40

2020-09-30 17:41:42 Warning: Warning (2): Cannot modify header information - headers already sent by (output started at C:\xampp\htdocs\FinSon\vendor\cakephp\cakephp\src\Error\Debugger.php:954) in [C:\xampp\htdocs\FinSon\vendor\cakephp\cakephp\src\Http\ResponseEmitter.php, line 201]
Request URL: /structures-states/add
Referer URL: http://192.168.0.5/FinSon/structures-states
Client IP: 192.168.0.115
Trace:
Cake\Error\BaseErrorHandler::handleError() - CORE\src\Error\BaseErrorHandler.php, line 188
DebugKit\Plugin::DebugKit\{closure}() - ROOT\vendor\cakephp\debug_kit\src\Plugin.php, line 105
header - [internal], line ??
Cake\Http\ResponseEmitter::emitHeaders() - CORE\src\Http\ResponseEmitter.php, line 201
Cake\Http\ResponseEmitter::emit() - CORE\src\Http\ResponseEmitter.php, line 75
Cake\Http\Server::emit() - CORE\src\Http\Server.php, line 130
[main] - ROOT\webroot\index.php, line 40

2020-09-30 17:41:42 Warning: Warning (2): Cannot modify header information - headers already sent by (output started at C:\xampp\htdocs\FinSon\vendor\cakephp\cakephp\src\Error\Debugger.php:954) in [C:\xampp\htdocs\FinSon\vendor\cakephp\cakephp\src\Http\ResponseEmitter.php, line 201]
Request URL: /structures-states/add
Referer URL: http://192.168.0.5/FinSon/structures-states
Client IP: 192.168.0.115
Trace:
Cake\Error\BaseErrorHandler::handleError() - CORE\src\Error\BaseErrorHandler.php, line 188
DebugKit\Plugin::DebugKit\{closure}() - ROOT\vendor\cakephp\debug_kit\src\Plugin.php, line 105
header - [internal], line ??
Cake\Http\ResponseEmitter::emitHeaders() - CORE\src\Http\ResponseEmitter.php, line 201
Cake\Http\ResponseEmitter::emit() - CORE\src\Http\ResponseEmitter.php, line 75
Cake\Http\Server::emit() - CORE\src\Http\Server.php, line 130
[main] - ROOT\webroot\index.php, line 40

2020-09-30 17:44:17 Error: [Error] Call to a member function find() on null in C:\xampp\htdocs\FinSon\src\Controller\StructuresStatesController.php on line 64
Stack Trace:
- C:\xampp\htdocs\FinSon\vendor\cakephp\cakephp\src\Controller\Controller.php:529
- C:\xampp\htdocs\FinSon\vendor\cakephp\cakephp\src\Controller\ControllerFactory.php:79
- C:\xampp\htdocs\FinSon\vendor\cakephp\cakephp\src\Http\BaseApplication.php:251
- C:\xampp\htdocs\FinSon\vendor\cakephp\cakephp\src\Http\Runner.php:77
- C:\xampp\htdocs\FinSon\vendor\cakephp\cakephp\src\Http\Middleware\CsrfProtectionMiddleware.php:156
- C:\xampp\htdocs\FinSon\vendor\cakephp\cakephp\src\Http\Runner.php:73
- C:\xampp\htdocs\FinSon\vendor\cakephp\cakephp\src\Http\Middleware\BodyParserMiddleware.php:159
- C:\xampp\htdocs\FinSon\vendor\cakephp\cakephp\src\Http\Runner.php:73
- C:\xampp\htdocs\FinSon\vendor\cakephp\cakephp\src\Routing\Middleware\RoutingMiddleware.php:166
- C:\xampp\htdocs\FinSon\vendor\cakephp\cakephp\src\Http\Runner.php:73
- C:\xampp\htdocs\FinSon\vendor\cakephp\cakephp\src\Routing\Middleware\AssetMiddleware.php:68
- C:\xampp\htdocs\FinSon\vendor\cakephp\cakephp\src\Http\Runner.php:73
- C:\xampp\htdocs\FinSon\vendor\cakephp\cakephp\src\Error\Middleware\ErrorHandlerMiddleware.php:121
- C:\xampp\htdocs\FinSon\vendor\cakephp\cakephp\src\Http\Runner.php:73
- C:\xampp\htdocs\FinSon\vendor\cakephp\debug_kit\src\Middleware\DebugKitMiddleware.php:60
- C:\xampp\htdocs\FinSon\vendor\cakephp\cakephp\src\Http\Runner.php:73
- C:\xampp\htdocs\FinSon\vendor\cakephp\cakephp\src\Http\Runner.php:58
- C:\xampp\htdocs\FinSon\vendor\cakephp\cakephp\src\Http\Server.php:90
- C:\xampp\htdocs\FinSon\webroot\index.php:40

Request URL: /structures-states/add
Referer URL: http://192.168.0.5/FinSon/structures-states
Client IP: 192.168.0.115


2020-09-30 17:44:17 Warning: Warning (512): Unable to emit headers. Headers sent in file=C:\xampp\htdocs\FinSon\vendor\cakephp\cakephp\src\Error\Debugger.php line=954 in [C:\xampp\htdocs\FinSon\vendor\cakephp\cakephp\src\Http\ResponseEmitter.php, line 71]
Request URL: /structures-states/add
Referer URL: http://192.168.0.5/FinSon/structures-states
Client IP: 192.168.0.115
Trace:
Cake\Error\BaseErrorHandler::handleError() - CORE\src\Error\BaseErrorHandler.php, line 188
DebugKit\Plugin::DebugKit\{closure}() - ROOT\vendor\cakephp\debug_kit\src\Plugin.php, line 105
Cake\Http\ResponseEmitter::emit() - CORE\src\Http\ResponseEmitter.php, line 71
Cake\Http\Server::emit() - CORE\src\Http\Server.php, line 130
[main] - ROOT\webroot\index.php, line 40

2020-09-30 17:44:17 Warning: Warning (2): Cannot modify header information - headers already sent by (output started at C:\xampp\htdocs\FinSon\vendor\cakephp\cakephp\src\Error\Debugger.php:954) in [C:\xampp\htdocs\FinSon\vendor\cakephp\cakephp\src\Http\ResponseEmitter.php, line 168]
Request URL: /structures-states/add
Referer URL: http://192.168.0.5/FinSon/structures-states
Client IP: 192.168.0.115
Trace:
Cake\Error\BaseErrorHandler::handleError() - CORE\src\Error\BaseErrorHandler.php, line 188
DebugKit\Plugin::DebugKit\{closure}() - ROOT\vendor\cakephp\debug_kit\src\Plugin.php, line 105
header - [internal], line ??
Cake\Http\ResponseEmitter::emitStatusLine() - CORE\src\Http\ResponseEmitter.php, line 168
Cake\Http\ResponseEmitter::emit() - CORE\src\Http\ResponseEmitter.php, line 74
Cake\Http\Server::emit() - CORE\src\Http\Server.php, line 130
[main] - ROOT\webroot\index.php, line 40

2020-09-30 17:44:18 Warning: Warning (2): Cannot modify header information - headers already sent by (output started at C:\xampp\htdocs\FinSon\vendor\cakephp\cakephp\src\Error\Debugger.php:954) in [C:\xampp\htdocs\FinSon\vendor\cakephp\cakephp\src\Http\ResponseEmitter.php, line 201]
Request URL: /structures-states/add
Referer URL: http://192.168.0.5/FinSon/structures-states
Client IP: 192.168.0.115
Trace:
Cake\Error\BaseErrorHandler::handleError() - CORE\src\Error\BaseErrorHandler.php, line 188
DebugKit\Plugin::DebugKit\{closure}() - ROOT\vendor\cakephp\debug_kit\src\Plugin.php, line 105
header - [internal], line ??
Cake\Http\ResponseEmitter::emitHeaders() - CORE\src\Http\ResponseEmitter.php, line 201
Cake\Http\ResponseEmitter::emit() - CORE\src\Http\ResponseEmitter.php, line 75
Cake\Http\Server::emit() - CORE\src\Http\Server.php, line 130
[main] - ROOT\webroot\index.php, line 40

2020-09-30 17:44:18 Warning: Warning (2): Cannot modify header information - headers already sent by (output started at C:\xampp\htdocs\FinSon\vendor\cakephp\cakephp\src\Error\Debugger.php:954) in [C:\xampp\htdocs\FinSon\vendor\cakephp\cakephp\src\Http\ResponseEmitter.php, line 201]
Request URL: /structures-states/add
Referer URL: http://192.168.0.5/FinSon/structures-states
Client IP: 192.168.0.115
Trace:
Cake\Error\BaseErrorHandler::handleError() - CORE\src\Error\BaseErrorHandler.php, line 188
DebugKit\Plugin::DebugKit\{closure}() - ROOT\vendor\cakephp\debug_kit\src\Plugin.php, line 105
header - [internal], line ??
Cake\Http\ResponseEmitter::emitHeaders() - CORE\src\Http\ResponseEmitter.php, line 201
Cake\Http\ResponseEmitter::emit() - CORE\src\Http\ResponseEmitter.php, line 75
Cake\Http\Server::emit() - CORE\src\Http\Server.php, line 130
[main] - ROOT\webroot\index.php, line 40

2020-09-30 17:44:53 Error: [Error] Call to a member function find() on null in C:\xampp\htdocs\FinSon\src\Controller\StructuresStatesController.php on line 64
Stack Trace:
- C:\xampp\htdocs\FinSon\vendor\cakephp\cakephp\src\Controller\Controller.php:529
- C:\xampp\htdocs\FinSon\vendor\cakephp\cakephp\src\Controller\ControllerFactory.php:79
- C:\xampp\htdocs\FinSon\vendor\cakephp\cakephp\src\Http\BaseApplication.php:251
- C:\xampp\htdocs\FinSon\vendor\cakephp\cakephp\src\Http\Runner.php:77
- C:\xampp\htdocs\FinSon\vendor\cakephp\cakephp\src\Http\Middleware\CsrfProtectionMiddleware.php:156
- C:\xampp\htdocs\FinSon\vendor\cakephp\cakephp\src\Http\Runner.php:73
- C:\xampp\htdocs\FinSon\vendor\cakephp\cakephp\src\Http\Middleware\BodyParserMiddleware.php:159
- C:\xampp\htdocs\FinSon\vendor\cakephp\cakephp\src\Http\Runner.php:73
- C:\xampp\htdocs\FinSon\vendor\cakephp\cakephp\src\Routing\Middleware\RoutingMiddleware.php:166
- C:\xampp\htdocs\FinSon\vendor\cakephp\cakephp\src\Http\Runner.php:73
- C:\xampp\htdocs\FinSon\vendor\cakephp\cakephp\src\Routing\Middleware\AssetMiddleware.php:68
- C:\xampp\htdocs\FinSon\vendor\cakephp\cakephp\src\Http\Runner.php:73
- C:\xampp\htdocs\FinSon\vendor\cakephp\cakephp\src\Error\Middleware\ErrorHandlerMiddleware.php:121
- C:\xampp\htdocs\FinSon\vendor\cakephp\cakephp\src\Http\Runner.php:73
- C:\xampp\htdocs\FinSon\vendor\cakephp\debug_kit\src\Middleware\DebugKitMiddleware.php:60
- C:\xampp\htdocs\FinSon\vendor\cakephp\cakephp\src\Http\Runner.php:73
- C:\xampp\htdocs\FinSon\vendor\cakephp\cakephp\src\Http\Runner.php:58
- C:\xampp\htdocs\FinSon\vendor\cakephp\cakephp\src\Http\Server.php:90
- C:\xampp\htdocs\FinSon\webroot\index.php:40

Request URL: /structures-states/add
Referer URL: http://192.168.0.5/FinSon/structures-states
Client IP: 192.168.0.115


2020-09-30 17:44:53 Warning: Warning (512): Unable to emit headers. Headers sent in file=C:\xampp\htdocs\FinSon\vendor\cakephp\cakephp\src\Error\Debugger.php line=954 in [C:\xampp\htdocs\FinSon\vendor\cakephp\cakephp\src\Http\ResponseEmitter.php, line 71]
Request URL: /structures-states/add
Referer URL: http://192.168.0.5/FinSon/structures-states
Client IP: 192.168.0.115
Trace:
Cake\Error\BaseErrorHandler::handleError() - CORE\src\Error\BaseErrorHandler.php, line 188
DebugKit\Plugin::DebugKit\{closure}() - ROOT\vendor\cakephp\debug_kit\src\Plugin.php, line 105
Cake\Http\ResponseEmitter::emit() - CORE\src\Http\ResponseEmitter.php, line 71
Cake\Http\Server::emit() - CORE\src\Http\Server.php, line 130
[main] - ROOT\webroot\index.php, line 40

2020-09-30 17:44:53 Warning: Warning (2): Cannot modify header information - headers already sent by (output started at C:\xampp\htdocs\FinSon\vendor\cakephp\cakephp\src\Error\Debugger.php:954) in [C:\xampp\htdocs\FinSon\vendor\cakephp\cakephp\src\Http\ResponseEmitter.php, line 168]
Request URL: /structures-states/add
Referer URL: http://192.168.0.5/FinSon/structures-states
Client IP: 192.168.0.115
Trace:
Cake\Error\BaseErrorHandler::handleError() - CORE\src\Error\BaseErrorHandler.php, line 188
DebugKit\Plugin::DebugKit\{closure}() - ROOT\vendor\cakephp\debug_kit\src\Plugin.php, line 105
header - [internal], line ??
Cake\Http\ResponseEmitter::emitStatusLine() - CORE\src\Http\ResponseEmitter.php, line 168
Cake\Http\ResponseEmitter::emit() - CORE\src\Http\ResponseEmitter.php, line 74
Cake\Http\Server::emit() - CORE\src\Http\Server.php, line 130
[main] - ROOT\webroot\index.php, line 40

2020-09-30 17:44:54 Warning: Warning (2): Cannot modify header information - headers already sent by (output started at C:\xampp\htdocs\FinSon\vendor\cakephp\cakephp\src\Error\Debugger.php:954) in [C:\xampp\htdocs\FinSon\vendor\cakephp\cakephp\src\Http\ResponseEmitter.php, line 201]
Request URL: /structures-states/add
Referer URL: http://192.168.0.5/FinSon/structures-states
Client IP: 192.168.0.115
Trace:
Cake\Error\BaseErrorHandler::handleError() - CORE\src\Error\BaseErrorHandler.php, line 188
DebugKit\Plugin::DebugKit\{closure}() - ROOT\vendor\cakephp\debug_kit\src\Plugin.php, line 105
header - [internal], line ??
Cake\Http\ResponseEmitter::emitHeaders() - CORE\src\Http\ResponseEmitter.php, line 201
Cake\Http\ResponseEmitter::emit() - CORE\src\Http\ResponseEmitter.php, line 75
Cake\Http\Server::emit() - CORE\src\Http\Server.php, line 130
[main] - ROOT\webroot\index.php, line 40

2020-09-30 17:44:54 Warning: Warning (2): Cannot modify header information - headers already sent by (output started at C:\xampp\htdocs\FinSon\vendor\cakephp\cakephp\src\Error\Debugger.php:954) in [C:\xampp\htdocs\FinSon\vendor\cakephp\cakephp\src\Http\ResponseEmitter.php, line 201]
Request URL: /structures-states/add
Referer URL: http://192.168.0.5/FinSon/structures-states
Client IP: 192.168.0.115
Trace:
Cake\Error\BaseErrorHandler::handleError() - CORE\src\Error\BaseErrorHandler.php, line 188
DebugKit\Plugin::DebugKit\{closure}() - ROOT\vendor\cakephp\debug_kit\src\Plugin.php, line 105
header - [internal], line ??
Cake\Http\ResponseEmitter::emitHeaders() - CORE\src\Http\ResponseEmitter.php, line 201
Cake\Http\ResponseEmitter::emit() - CORE\src\Http\ResponseEmitter.php, line 75
Cake\Http\Server::emit() - CORE\src\Http\Server.php, line 130
[main] - ROOT\webroot\index.php, line 40

2020-09-30 17:45:10 Error: [Error] Call to a member function find() on null in C:\xampp\htdocs\FinSon\src\Controller\StructuresStatesController.php on line 64
Stack Trace:
- C:\xampp\htdocs\FinSon\vendor\cakephp\cakephp\src\Controller\Controller.php:529
- C:\xampp\htdocs\FinSon\vendor\cakephp\cakephp\src\Controller\ControllerFactory.php:79
- C:\xampp\htdocs\FinSon\vendor\cakephp\cakephp\src\Http\BaseApplication.php:251
- C:\xampp\htdocs\FinSon\vendor\cakephp\cakephp\src\Http\Runner.php:77
- C:\xampp\htdocs\FinSon\vendor\cakephp\cakephp\src\Http\Middleware\CsrfProtectionMiddleware.php:156
- C:\xampp\htdocs\FinSon\vendor\cakephp\cakephp\src\Http\Runner.php:73
- C:\xampp\htdocs\FinSon\vendor\cakephp\cakephp\src\Http\Middleware\BodyParserMiddleware.php:159
- C:\xampp\htdocs\FinSon\vendor\cakephp\cakephp\src\Http\Runner.php:73
- C:\xampp\htdocs\FinSon\vendor\cakephp\cakephp\src\Routing\Middleware\RoutingMiddleware.php:166
- C:\xampp\htdocs\FinSon\vendor\cakephp\cakephp\src\Http\Runner.php:73
- C:\xampp\htdocs\FinSon\vendor\cakephp\cakephp\src\Routing\Middleware\AssetMiddleware.php:68
- C:\xampp\htdocs\FinSon\vendor\cakephp\cakephp\src\Http\Runner.php:73
- C:\xampp\htdocs\FinSon\vendor\cakephp\cakephp\src\Error\Middleware\ErrorHandlerMiddleware.php:121
- C:\xampp\htdocs\FinSon\vendor\cakephp\cakephp\src\Http\Runner.php:73
- C:\xampp\htdocs\FinSon\vendor\cakephp\debug_kit\src\Middleware\DebugKitMiddleware.php:60
- C:\xampp\htdocs\FinSon\vendor\cakephp\cakephp\src\Http\Runner.php:73
- C:\xampp\htdocs\FinSon\vendor\cakephp\cakephp\src\Http\Runner.php:58
- C:\xampp\htdocs\FinSon\vendor\cakephp\cakephp\src\Http\Server.php:90
- C:\xampp\htdocs\FinSon\webroot\index.php:40

Request URL: /structures-states/add
Referer URL: http://192.168.0.5/FinSon/structures-states
Client IP: 192.168.0.115


2020-09-30 17:45:11 Warning: Warning (512): Unable to emit headers. Headers sent in file=C:\xampp\htdocs\FinSon\vendor\cakephp\cakephp\src\Error\Debugger.php line=954 in [C:\xampp\htdocs\FinSon\vendor\cakephp\cakephp\src\Http\ResponseEmitter.php, line 71]
Request URL: /structures-states/add
Referer URL: http://192.168.0.5/FinSon/structures-states
Client IP: 192.168.0.115
Trace:
Cake\Error\BaseErrorHandler::handleError() - CORE\src\Error\BaseErrorHandler.php, line 188
DebugKit\Plugin::DebugKit\{closure}() - ROOT\vendor\cakephp\debug_kit\src\Plugin.php, line 105
Cake\Http\ResponseEmitter::emit() - CORE\src\Http\ResponseEmitter.php, line 71
Cake\Http\Server::emit() - CORE\src\Http\Server.php, line 130
[main] - ROOT\webroot\index.php, line 40

2020-09-30 17:45:11 Warning: Warning (2): Cannot modify header information - headers already sent by (output started at C:\xampp\htdocs\FinSon\vendor\cakephp\cakephp\src\Error\Debugger.php:954) in [C:\xampp\htdocs\FinSon\vendor\cakephp\cakephp\src\Http\ResponseEmitter.php, line 168]
Request URL: /structures-states/add
Referer URL: http://192.168.0.5/FinSon/structures-states
Client IP: 192.168.0.115
Trace:
Cake\Error\BaseErrorHandler::handleError() - CORE\src\Error\BaseErrorHandler.php, line 188
DebugKit\Plugin::DebugKit\{closure}() - ROOT\vendor\cakephp\debug_kit\src\Plugin.php, line 105
header - [internal], line ??
Cake\Http\ResponseEmitter::emitStatusLine() - CORE\src\Http\ResponseEmitter.php, line 168
Cake\Http\ResponseEmitter::emit() - CORE\src\Http\ResponseEmitter.php, line 74
Cake\Http\Server::emit() - CORE\src\Http\Server.php, line 130
[main] - ROOT\webroot\index.php, line 40

2020-09-30 17:45:11 Warning: Warning (2): Cannot modify header information - headers already sent by (output started at C:\xampp\htdocs\FinSon\vendor\cakephp\cakephp\src\Error\Debugger.php:954) in [C:\xampp\htdocs\FinSon\vendor\cakephp\cakephp\src\Http\ResponseEmitter.php, line 201]
Request URL: /structures-states/add
Referer URL: http://192.168.0.5/FinSon/structures-states
Client IP: 192.168.0.115
Trace:
Cake\Error\BaseErrorHandler::handleError() - CORE\src\Error\BaseErrorHandler.php, line 188
DebugKit\Plugin::DebugKit\{closure}() - ROOT\vendor\cakephp\debug_kit\src\Plugin.php, line 105
header - [internal], line ??
Cake\Http\ResponseEmitter::emitHeaders() - CORE\src\Http\ResponseEmitter.php, line 201
Cake\Http\ResponseEmitter::emit() - CORE\src\Http\ResponseEmitter.php, line 75
Cake\Http\Server::emit() - CORE\src\Http\Server.php, line 130
[main] - ROOT\webroot\index.php, line 40

2020-09-30 17:45:11 Warning: Warning (2): Cannot modify header information - headers already sent by (output started at C:\xampp\htdocs\FinSon\vendor\cakephp\cakephp\src\Error\Debugger.php:954) in [C:\xampp\htdocs\FinSon\vendor\cakephp\cakephp\src\Http\ResponseEmitter.php, line 201]
Request URL: /structures-states/add
Referer URL: http://192.168.0.5/FinSon/structures-states
Client IP: 192.168.0.115
Trace:
Cake\Error\BaseErrorHandler::handleError() - CORE\src\Error\BaseErrorHandler.php, line 188
DebugKit\Plugin::DebugKit\{closure}() - ROOT\vendor\cakephp\debug_kit\src\Plugin.php, line 105
header - [internal], line ??
Cake\Http\ResponseEmitter::emitHeaders() - CORE\src\Http\ResponseEmitter.php, line 201
Cake\Http\ResponseEmitter::emit() - CORE\src\Http\ResponseEmitter.php, line 75
Cake\Http\Server::emit() - CORE\src\Http\Server.php, line 130
[main] - ROOT\webroot\index.php, line 40

2020-09-30 17:45:41 Error: [Error] Call to a member function find() on null in C:\xampp\htdocs\FinSon\src\Controller\StructuresStatesController.php on line 64
Stack Trace:
- C:\xampp\htdocs\FinSon\vendor\cakephp\cakephp\src\Controller\Controller.php:529
- C:\xampp\htdocs\FinSon\vendor\cakephp\cakephp\src\Controller\ControllerFactory.php:79
- C:\xampp\htdocs\FinSon\vendor\cakephp\cakephp\src\Http\BaseApplication.php:251
- C:\xampp\htdocs\FinSon\vendor\cakephp\cakephp\src\Http\Runner.php:77
- C:\xampp\htdocs\FinSon\vendor\cakephp\cakephp\src\Http\Middleware\CsrfProtectionMiddleware.php:156
- C:\xampp\htdocs\FinSon\vendor\cakephp\cakephp\src\Http\Runner.php:73
- C:\xampp\htdocs\FinSon\vendor\cakephp\cakephp\src\Http\Middleware\BodyParserMiddleware.php:159
- C:\xampp\htdocs\FinSon\vendor\cakephp\cakephp\src\Http\Runner.php:73
- C:\xampp\htdocs\FinSon\vendor\cakephp\cakephp\src\Routing\Middleware\RoutingMiddleware.php:166
- C:\xampp\htdocs\FinSon\vendor\cakephp\cakephp\src\Http\Runner.php:73
- C:\xampp\htdocs\FinSon\vendor\cakephp\cakephp\src\Routing\Middleware\AssetMiddleware.php:68
- C:\xampp\htdocs\FinSon\vendor\cakephp\cakephp\src\Http\Runner.php:73
- C:\xampp\htdocs\FinSon\vendor\cakephp\cakephp\src\Error\Middleware\ErrorHandlerMiddleware.php:121
- C:\xampp\htdocs\FinSon\vendor\cakephp\cakephp\src\Http\Runner.php:73
- C:\xampp\htdocs\FinSon\vendor\cakephp\debug_kit\src\Middleware\DebugKitMiddleware.php:60
- C:\xampp\htdocs\FinSon\vendor\cakephp\cakephp\src\Http\Runner.php:73
- C:\xampp\htdocs\FinSon\vendor\cakephp\cakephp\src\Http\Runner.php:58
- C:\xampp\htdocs\FinSon\vendor\cakephp\cakephp\src\Http\Server.php:90
- C:\xampp\htdocs\FinSon\webroot\index.php:40

Request URL: /structures-states/add
Referer URL: http://192.168.0.5/FinSon/structures-states
Client IP: 192.168.0.115


2020-09-30 17:45:41 Warning: Warning (512): Unable to emit headers. Headers sent in file=C:\xampp\htdocs\FinSon\vendor\cakephp\cakephp\src\Error\Debugger.php line=954 in [C:\xampp\htdocs\FinSon\vendor\cakephp\cakephp\src\Http\ResponseEmitter.php, line 71]
Request URL: /structures-states/add
Referer URL: http://192.168.0.5/FinSon/structures-states
Client IP: 192.168.0.115
Trace:
Cake\Error\BaseErrorHandler::handleError() - CORE\src\Error\BaseErrorHandler.php, line 188
DebugKit\Plugin::DebugKit\{closure}() - ROOT\vendor\cakephp\debug_kit\src\Plugin.php, line 105
Cake\Http\ResponseEmitter::emit() - CORE\src\Http\ResponseEmitter.php, line 71
Cake\Http\Server::emit() - CORE\src\Http\Server.php, line 130
[main] - ROOT\webroot\index.php, line 40

2020-09-30 17:45:41 Warning: Warning (2): Cannot modify header information - headers already sent by (output started at C:\xampp\htdocs\FinSon\vendor\cakephp\cakephp\src\Error\Debugger.php:954) in [C:\xampp\htdocs\FinSon\vendor\cakephp\cakephp\src\Http\ResponseEmitter.php, line 168]
Request URL: /structures-states/add
Referer URL: http://192.168.0.5/FinSon/structures-states
Client IP: 192.168.0.115
Trace:
Cake\Error\BaseErrorHandler::handleError() - CORE\src\Error\BaseErrorHandler.php, line 188
DebugKit\Plugin::DebugKit\{closure}() - ROOT\vendor\cakephp\debug_kit\src\Plugin.php, line 105
header - [internal], line ??
Cake\Http\ResponseEmitter::emitStatusLine() - CORE\src\Http\ResponseEmitter.php, line 168
Cake\Http\ResponseEmitter::emit() - CORE\src\Http\ResponseEmitter.php, line 74
Cake\Http\Server::emit() - CORE\src\Http\Server.php, line 130
[main] - ROOT\webroot\index.php, line 40

2020-09-30 17:45:42 Warning: Warning (2): Cannot modify header information - headers already sent by (output started at C:\xampp\htdocs\FinSon\vendor\cakephp\cakephp\src\Error\Debugger.php:954) in [C:\xampp\htdocs\FinSon\vendor\cakephp\cakephp\src\Http\ResponseEmitter.php, line 201]
Request URL: /structures-states/add
Referer URL: http://192.168.0.5/FinSon/structures-states
Client IP: 192.168.0.115
Trace:
Cake\Error\BaseErrorHandler::handleError() - CORE\src\Error\BaseErrorHandler.php, line 188
DebugKit\Plugin::DebugKit\{closure}() - ROOT\vendor\cakephp\debug_kit\src\Plugin.php, line 105
header - [internal], line ??
Cake\Http\ResponseEmitter::emitHeaders() - CORE\src\Http\ResponseEmitter.php, line 201
Cake\Http\ResponseEmitter::emit() - CORE\src\Http\ResponseEmitter.php, line 75
Cake\Http\Server::emit() - CORE\src\Http\Server.php, line 130
[main] - ROOT\webroot\index.php, line 40

2020-09-30 17:45:42 Warning: Warning (2): Cannot modify header information - headers already sent by (output started at C:\xampp\htdocs\FinSon\vendor\cakephp\cakephp\src\Error\Debugger.php:954) in [C:\xampp\htdocs\FinSon\vendor\cakephp\cakephp\src\Http\ResponseEmitter.php, line 201]
Request URL: /structures-states/add
Referer URL: http://192.168.0.5/FinSon/structures-states
Client IP: 192.168.0.115
Trace:
Cake\Error\BaseErrorHandler::handleError() - CORE\src\Error\BaseErrorHandler.php, line 188
DebugKit\Plugin::DebugKit\{closure}() - ROOT\vendor\cakephp\debug_kit\src\Plugin.php, line 105
header - [internal], line ??
Cake\Http\ResponseEmitter::emitHeaders() - CORE\src\Http\ResponseEmitter.php, line 201
Cake\Http\ResponseEmitter::emit() - CORE\src\Http\ResponseEmitter.php, line 75
Cake\Http\Server::emit() - CORE\src\Http\Server.php, line 130
[main] - ROOT\webroot\index.php, line 40

2020-09-30 17:46:00 Error: [Error] Call to a member function find() on null in C:\xampp\htdocs\FinSon\src\Controller\StructuresStatesController.php on line 64
Stack Trace:
- C:\xampp\htdocs\FinSon\vendor\cakephp\cakephp\src\Controller\Controller.php:529
- C:\xampp\htdocs\FinSon\vendor\cakephp\cakephp\src\Controller\ControllerFactory.php:79
- C:\xampp\htdocs\FinSon\vendor\cakephp\cakephp\src\Http\BaseApplication.php:251
- C:\xampp\htdocs\FinSon\vendor\cakephp\cakephp\src\Http\Runner.php:77
- C:\xampp\htdocs\FinSon\vendor\cakephp\cakephp\src\Http\Middleware\CsrfProtectionMiddleware.php:156
- C:\xampp\htdocs\FinSon\vendor\cakephp\cakephp\src\Http\Runner.php:73
- C:\xampp\htdocs\FinSon\vendor\cakephp\cakephp\src\Http\Middleware\BodyParserMiddleware.php:159
- C:\xampp\htdocs\FinSon\vendor\cakephp\cakephp\src\Http\Runner.php:73
- C:\xampp\htdocs\FinSon\vendor\cakephp\cakephp\src\Routing\Middleware\RoutingMiddleware.php:166
- C:\xampp\htdocs\FinSon\vendor\cakephp\cakephp\src\Http\Runner.php:73
- C:\xampp\htdocs\FinSon\vendor\cakephp\cakephp\src\Routing\Middleware\AssetMiddleware.php:68
- C:\xampp\htdocs\FinSon\vendor\cakephp\cakephp\src\Http\Runner.php:73
- C:\xampp\htdocs\FinSon\vendor\cakephp\cakephp\src\Error\Middleware\ErrorHandlerMiddleware.php:121
- C:\xampp\htdocs\FinSon\vendor\cakephp\cakephp\src\Http\Runner.php:73
- C:\xampp\htdocs\FinSon\vendor\cakephp\debug_kit\src\Middleware\DebugKitMiddleware.php:60
- C:\xampp\htdocs\FinSon\vendor\cakephp\cakephp\src\Http\Runner.php:73
- C:\xampp\htdocs\FinSon\vendor\cakephp\cakephp\src\Http\Runner.php:58
- C:\xampp\htdocs\FinSon\vendor\cakephp\cakephp\src\Http\Server.php:90
- C:\xampp\htdocs\FinSon\webroot\index.php:40

Request URL: /structures-states/add
Referer URL: http://192.168.0.5/FinSon/structures-states
Client IP: 192.168.0.115


2020-09-30 17:46:01 Warning: Warning (512): Unable to emit headers. Headers sent in file=C:\xampp\htdocs\FinSon\vendor\cakephp\cakephp\src\Error\Debugger.php line=954 in [C:\xampp\htdocs\FinSon\vendor\cakephp\cakephp\src\Http\ResponseEmitter.php, line 71]
Request URL: /structures-states/add
Referer URL: http://192.168.0.5/FinSon/structures-states
Client IP: 192.168.0.115
Trace:
Cake\Error\BaseErrorHandler::handleError() - CORE\src\Error\BaseErrorHandler.php, line 188
DebugKit\Plugin::DebugKit\{closure}() - ROOT\vendor\cakephp\debug_kit\src\Plugin.php, line 105
Cake\Http\ResponseEmitter::emit() - CORE\src\Http\ResponseEmitter.php, line 71
Cake\Http\Server::emit() - CORE\src\Http\Server.php, line 130
[main] - ROOT\webroot\index.php, line 40

2020-09-30 17:46:01 Warning: Warning (2): Cannot modify header information - headers already sent by (output started at C:\xampp\htdocs\FinSon\vendor\cakephp\cakephp\src\Error\Debugger.php:954) in [C:\xampp\htdocs\FinSon\vendor\cakephp\cakephp\src\Http\ResponseEmitter.php, line 168]
Request URL: /structures-states/add
Referer URL: http://192.168.0.5/FinSon/structures-states
Client IP: 192.168.0.115
Trace:
Cake\Error\BaseErrorHandler::handleError() - CORE\src\Error\BaseErrorHandler.php, line 188
DebugKit\Plugin::DebugKit\{closure}() - ROOT\vendor\cakephp\debug_kit\src\Plugin.php, line 105
header - [internal], line ??
Cake\Http\ResponseEmitter::emitStatusLine() - CORE\src\Http\ResponseEmitter.php, line 168
Cake\Http\ResponseEmitter::emit() - CORE\src\Http\ResponseEmitter.php, line 74
Cake\Http\Server::emit() - CORE\src\Http\Server.php, line 130
[main] - ROOT\webroot\index.php, line 40

2020-09-30 17:46:01 Warning: Warning (2): Cannot modify header information - headers already sent by (output started at C:\xampp\htdocs\FinSon\vendor\cakephp\cakephp\src\Error\Debugger.php:954) in [C:\xampp\htdocs\FinSon\vendor\cakephp\cakephp\src\Http\ResponseEmitter.php, line 201]
Request URL: /structures-states/add
Referer URL: http://192.168.0.5/FinSon/structures-states
Client IP: 192.168.0.115
Trace:
Cake\Error\BaseErrorHandler::handleError() - CORE\src\Error\BaseErrorHandler.php, line 188
DebugKit\Plugin::DebugKit\{closure}() - ROOT\vendor\cakephp\debug_kit\src\Plugin.php, line 105
header - [internal], line ??
Cake\Http\ResponseEmitter::emitHeaders() - CORE\src\Http\ResponseEmitter.php, line 201
Cake\Http\ResponseEmitter::emit() - CORE\src\Http\ResponseEmitter.php, line 75
Cake\Http\Server::emit() - CORE\src\Http\Server.php, line 130
[main] - ROOT\webroot\index.php, line 40

2020-09-30 17:46:01 Warning: Warning (2): Cannot modify header information - headers already sent by (output started at C:\xampp\htdocs\FinSon\vendor\cakephp\cakephp\src\Error\Debugger.php:954) in [C:\xampp\htdocs\FinSon\vendor\cakephp\cakephp\src\Http\ResponseEmitter.php, line 201]
Request URL: /structures-states/add
Referer URL: http://192.168.0.5/FinSon/structures-states
Client IP: 192.168.0.115
Trace:
Cake\Error\BaseErrorHandler::handleError() - CORE\src\Error\BaseErrorHandler.php, line 188
DebugKit\Plugin::DebugKit\{closure}() - ROOT\vendor\cakephp\debug_kit\src\Plugin.php, line 105
header - [internal], line ??
Cake\Http\ResponseEmitter::emitHeaders() - CORE\src\Http\ResponseEmitter.php, line 201
Cake\Http\ResponseEmitter::emit() - CORE\src\Http\ResponseEmitter.php, line 75
Cake\Http\Server::emit() - CORE\src\Http\Server.php, line 130
[main] - ROOT\webroot\index.php, line 40

2020-09-30 17:46:29 Error: [Error] Call to a member function find() on null in C:\xampp\htdocs\FinSon\src\Controller\StructuresStatesController.php on line 64
Stack Trace:
- C:\xampp\htdocs\FinSon\vendor\cakephp\cakephp\src\Controller\Controller.php:529
- C:\xampp\htdocs\FinSon\vendor\cakephp\cakephp\src\Controller\ControllerFactory.php:79
- C:\xampp\htdocs\FinSon\vendor\cakephp\cakephp\src\Http\BaseApplication.php:251
- C:\xampp\htdocs\FinSon\vendor\cakephp\cakephp\src\Http\Runner.php:77
- C:\xampp\htdocs\FinSon\vendor\cakephp\cakephp\src\Http\Middleware\CsrfProtectionMiddleware.php:156
- C:\xampp\htdocs\FinSon\vendor\cakephp\cakephp\src\Http\Runner.php:73
- C:\xampp\htdocs\FinSon\vendor\cakephp\cakephp\src\Http\Middleware\BodyParserMiddleware.php:159
- C:\xampp\htdocs\FinSon\vendor\cakephp\cakephp\src\Http\Runner.php:73
- C:\xampp\htdocs\FinSon\vendor\cakephp\cakephp\src\Routing\Middleware\RoutingMiddleware.php:166
- C:\xampp\htdocs\FinSon\vendor\cakephp\cakephp\src\Http\Runner.php:73
- C:\xampp\htdocs\FinSon\vendor\cakephp\cakephp\src\Routing\Middleware\AssetMiddleware.php:68
- C:\xampp\htdocs\FinSon\vendor\cakephp\cakephp\src\Http\Runner.php:73
- C:\xampp\htdocs\FinSon\vendor\cakephp\cakephp\src\Error\Middleware\ErrorHandlerMiddleware.php:121
- C:\xampp\htdocs\FinSon\vendor\cakephp\cakephp\src\Http\Runner.php:73
- C:\xampp\htdocs\FinSon\vendor\cakephp\debug_kit\src\Middleware\DebugKitMiddleware.php:60
- C:\xampp\htdocs\FinSon\vendor\cakephp\cakephp\src\Http\Runner.php:73
- C:\xampp\htdocs\FinSon\vendor\cakephp\cakephp\src\Http\Runner.php:58
- C:\xampp\htdocs\FinSon\vendor\cakephp\cakephp\src\Http\Server.php:90
- C:\xampp\htdocs\FinSon\webroot\index.php:40

Request URL: /structures-states/add
Referer URL: http://192.168.0.5/FinSon/structures-states
Client IP: 192.168.0.115


2020-09-30 17:46:29 Warning: Warning (512): Unable to emit headers. Headers sent in file=C:\xampp\htdocs\FinSon\vendor\cakephp\cakephp\src\Error\Debugger.php line=954 in [C:\xampp\htdocs\FinSon\vendor\cakephp\cakephp\src\Http\ResponseEmitter.php, line 71]
Request URL: /structures-states/add
Referer URL: http://192.168.0.5/FinSon/structures-states
Client IP: 192.168.0.115
Trace:
Cake\Error\BaseErrorHandler::handleError() - CORE\src\Error\BaseErrorHandler.php, line 188
DebugKit\Plugin::DebugKit\{closure}() - ROOT\vendor\cakephp\debug_kit\src\Plugin.php, line 105
Cake\Http\ResponseEmitter::emit() - CORE\src\Http\ResponseEmitter.php, line 71
Cake\Http\Server::emit() - CORE\src\Http\Server.php, line 130
[main] - ROOT\webroot\index.php, line 40

2020-09-30 17:46:29 Warning: Warning (2): Cannot modify header information - headers already sent by (output started at C:\xampp\htdocs\FinSon\vendor\cakephp\cakephp\src\Error\Debugger.php:954) in [C:\xampp\htdocs\FinSon\vendor\cakephp\cakephp\src\Http\ResponseEmitter.php, line 168]
Request URL: /structures-states/add
Referer URL: http://192.168.0.5/FinSon/structures-states
Client IP: 192.168.0.115
Trace:
Cake\Error\BaseErrorHandler::handleError() - CORE\src\Error\BaseErrorHandler.php, line 188
DebugKit\Plugin::DebugKit\{closure}() - ROOT\vendor\cakephp\debug_kit\src\Plugin.php, line 105
header - [internal], line ??
Cake\Http\ResponseEmitter::emitStatusLine() - CORE\src\Http\ResponseEmitter.php, line 168
Cake\Http\ResponseEmitter::emit() - CORE\src\Http\ResponseEmitter.php, line 74
Cake\Http\Server::emit() - CORE\src\Http\Server.php, line 130
[main] - ROOT\webroot\index.php, line 40

2020-09-30 17:46:30 Warning: Warning (2): Cannot modify header information - headers already sent by (output started at C:\xampp\htdocs\FinSon\vendor\cakephp\cakephp\src\Error\Debugger.php:954) in [C:\xampp\htdocs\FinSon\vendor\cakephp\cakephp\src\Http\ResponseEmitter.php, line 201]
Request URL: /structures-states/add
Referer URL: http://192.168.0.5/FinSon/structures-states
Client IP: 192.168.0.115
Trace:
Cake\Error\BaseErrorHandler::handleError() - CORE\src\Error\BaseErrorHandler.php, line 188
DebugKit\Plugin::DebugKit\{closure}() - ROOT\vendor\cakephp\debug_kit\src\Plugin.php, line 105
header - [internal], line ??
Cake\Http\ResponseEmitter::emitHeaders() - CORE\src\Http\ResponseEmitter.php, line 201
Cake\Http\ResponseEmitter::emit() - CORE\src\Http\ResponseEmitter.php, line 75
Cake\Http\Server::emit() - CORE\src\Http\Server.php, line 130
[main] - ROOT\webroot\index.php, line 40

2020-09-30 17:46:30 Warning: Warning (2): Cannot modify header information - headers already sent by (output started at C:\xampp\htdocs\FinSon\vendor\cakephp\cakephp\src\Error\Debugger.php:954) in [C:\xampp\htdocs\FinSon\vendor\cakephp\cakephp\src\Http\ResponseEmitter.php, line 201]
Request URL: /structures-states/add
Referer URL: http://192.168.0.5/FinSon/structures-states
Client IP: 192.168.0.115
Trace:
Cake\Error\BaseErrorHandler::handleError() - CORE\src\Error\BaseErrorHandler.php, line 188
DebugKit\Plugin::DebugKit\{closure}() - ROOT\vendor\cakephp\debug_kit\src\Plugin.php, line 105
header - [internal], line ??
Cake\Http\ResponseEmitter::emitHeaders() - CORE\src\Http\ResponseEmitter.php, line 201
Cake\Http\ResponseEmitter::emit() - CORE\src\Http\ResponseEmitter.php, line 75
Cake\Http\Server::emit() - CORE\src\Http\Server.php, line 130
[main] - ROOT\webroot\index.php, line 40

2020-09-30 18:57:45 Error: [Error] Call to a member function find() on null in C:\xampp\htdocs\FinSon\src\Controller\StructuresStatesController.php on line 64
Stack Trace:
- C:\xampp\htdocs\FinSon\vendor\cakephp\cakephp\src\Controller\Controller.php:529
- C:\xampp\htdocs\FinSon\vendor\cakephp\cakephp\src\Controller\ControllerFactory.php:79
- C:\xampp\htdocs\FinSon\vendor\cakephp\cakephp\src\Http\BaseApplication.php:251
- C:\xampp\htdocs\FinSon\vendor\cakephp\cakephp\src\Http\Runner.php:77
- C:\xampp\htdocs\FinSon\vendor\cakephp\cakephp\src\Http\Middleware\CsrfProtectionMiddleware.php:156
- C:\xampp\htdocs\FinSon\vendor\cakephp\cakephp\src\Http\Runner.php:73
- C:\xampp\htdocs\FinSon\vendor\cakephp\cakephp\src\Http\Middleware\BodyParserMiddleware.php:159
- C:\xampp\htdocs\FinSon\vendor\cakephp\cakephp\src\Http\Runner.php:73
- C:\xampp\htdocs\FinSon\vendor\cakephp\cakephp\src\Routing\Middleware\RoutingMiddleware.php:166
- C:\xampp\htdocs\FinSon\vendor\cakephp\cakephp\src\Http\Runner.php:73
- C:\xampp\htdocs\FinSon\vendor\cakephp\cakephp\src\Routing\Middleware\AssetMiddleware.php:68
- C:\xampp\htdocs\FinSon\vendor\cakephp\cakephp\src\Http\Runner.php:73
- C:\xampp\htdocs\FinSon\vendor\cakephp\cakephp\src\Error\Middleware\ErrorHandlerMiddleware.php:121
- C:\xampp\htdocs\FinSon\vendor\cakephp\cakephp\src\Http\Runner.php:73
- C:\xampp\htdocs\FinSon\vendor\cakephp\debug_kit\src\Middleware\DebugKitMiddleware.php:60
- C:\xampp\htdocs\FinSon\vendor\cakephp\cakephp\src\Http\Runner.php:73
- C:\xampp\htdocs\FinSon\vendor\cakephp\cakephp\src\Http\Runner.php:58
- C:\xampp\htdocs\FinSon\vendor\cakephp\cakephp\src\Http\Server.php:90
- C:\xampp\htdocs\FinSon\webroot\index.php:40

Request URL: /structures-states/add
Referer URL: http://localhost/FinSon/structures-states


2020-09-30 18:57:46 Warning: Warning (512): Unable to emit headers. Headers sent in file=C:\xampp\htdocs\FinSon\vendor\cakephp\cakephp\src\Error\Debugger.php line=954 in [C:\xampp\htdocs\FinSon\vendor\cakephp\cakephp\src\Http\ResponseEmitter.php, line 71]
Request URL: /structures-states/add
Referer URL: http://localhost/FinSon/structures-states
Trace:
Cake\Error\BaseErrorHandler::handleError() - CORE\src\Error\BaseErrorHandler.php, line 188
DebugKit\Plugin::DebugKit\{closure}() - ROOT\vendor\cakephp\debug_kit\src\Plugin.php, line 105
Cake\Http\ResponseEmitter::emit() - CORE\src\Http\ResponseEmitter.php, line 71
Cake\Http\Server::emit() - CORE\src\Http\Server.php, line 130
[main] - ROOT\webroot\index.php, line 40

2020-09-30 18:57:46 Warning: Warning (2): Cannot modify header information - headers already sent by (output started at C:\xampp\htdocs\FinSon\vendor\cakephp\cakephp\src\Error\Debugger.php:954) in [C:\xampp\htdocs\FinSon\vendor\cakephp\cakephp\src\Http\ResponseEmitter.php, line 168]
Request URL: /structures-states/add
Referer URL: http://localhost/FinSon/structures-states
Trace:
Cake\Error\BaseErrorHandler::handleError() - CORE\src\Error\BaseErrorHandler.php, line 188
DebugKit\Plugin::DebugKit\{closure}() - ROOT\vendor\cakephp\debug_kit\src\Plugin.php, line 105
header - [internal], line ??
Cake\Http\ResponseEmitter::emitStatusLine() - CORE\src\Http\ResponseEmitter.php, line 168
Cake\Http\ResponseEmitter::emit() - CORE\src\Http\ResponseEmitter.php, line 74
Cake\Http\Server::emit() - CORE\src\Http\Server.php, line 130
[main] - ROOT\webroot\index.php, line 40

2020-09-30 18:57:47 Warning: Warning (2): Cannot modify header information - headers already sent by (output started at C:\xampp\htdocs\FinSon\vendor\cakephp\cakephp\src\Error\Debugger.php:954) in [C:\xampp\htdocs\FinSon\vendor\cakephp\cakephp\src\Http\ResponseEmitter.php, line 201]
Request URL: /structures-states/add
Referer URL: http://localhost/FinSon/structures-states
Trace:
Cake\Error\BaseErrorHandler::handleError() - CORE\src\Error\BaseErrorHandler.php, line 188
DebugKit\Plugin::DebugKit\{closure}() - ROOT\vendor\cakephp\debug_kit\src\Plugin.php, line 105
header - [internal], line ??
Cake\Http\ResponseEmitter::emitHeaders() - CORE\src\Http\ResponseEmitter.php, line 201
Cake\Http\ResponseEmitter::emit() - CORE\src\Http\ResponseEmitter.php, line 75
Cake\Http\Server::emit() - CORE\src\Http\Server.php, line 130
[main] - ROOT\webroot\index.php, line 40

2020-09-30 18:57:47 Warning: Warning (2): Cannot modify header information - headers already sent by (output started at C:\xampp\htdocs\FinSon\vendor\cakephp\cakephp\src\Error\Debugger.php:954) in [C:\xampp\htdocs\FinSon\vendor\cakephp\cakephp\src\Http\ResponseEmitter.php, line 201]
Request URL: /structures-states/add
Referer URL: http://localhost/FinSon/structures-states
Trace:
Cake\Error\BaseErrorHandler::handleError() - CORE\src\Error\BaseErrorHandler.php, line 188
DebugKit\Plugin::DebugKit\{closure}() - ROOT\vendor\cakephp\debug_kit\src\Plugin.php, line 105
header - [internal], line ??
Cake\Http\ResponseEmitter::emitHeaders() - CORE\src\Http\ResponseEmitter.php, line 201
Cake\Http\ResponseEmitter::emit() - CORE\src\Http\ResponseEmitter.php, line 75
Cake\Http\Server::emit() - CORE\src\Http\Server.php, line 130
[main] - ROOT\webroot\index.php, line 40

2020-09-30 19:22:29 Error: [ParseError] syntax error, unexpected ']', expecting ',' or ')' in C:\xampp\htdocs\FinSon\src\Controller\StructuresStatesController.php on line 26
Stack Trace:
- C:\xampp\htdocs\FinSon\vendor\composer\ClassLoader.php:322
- spl_autoload_call - [internal], line ??- class_exists - [internal], line ??- C:\xampp\htdocs\FinSon\vendor\cakephp\cakephp\src\Core\App.php:161
- C:\xampp\htdocs\FinSon\vendor\cakephp\cakephp\src\Core\App.php:67
- C:\xampp\htdocs\FinSon\vendor\cakephp\cakephp\src\Controller\ControllerFactory.php:146
- C:\xampp\htdocs\FinSon\vendor\cakephp\cakephp\src\Controller\ControllerFactory.php:44
- C:\xampp\htdocs\FinSon\vendor\cakephp\cakephp\src\Http\BaseApplication.php:249
- C:\xampp\htdocs\FinSon\vendor\cakephp\cakephp\src\Http\Runner.php:77
- C:\xampp\htdocs\FinSon\vendor\cakephp\cakephp\src\Http\Middleware\CsrfProtectionMiddleware.php:156
- C:\xampp\htdocs\FinSon\vendor\cakephp\cakephp\src\Http\Runner.php:73
- C:\xampp\htdocs\FinSon\vendor\cakephp\cakephp\src\Http\Middleware\BodyParserMiddleware.php:159
- C:\xampp\htdocs\FinSon\vendor\cakephp\cakephp\src\Http\Runner.php:73
- C:\xampp\htdocs\FinSon\vendor\cakephp\cakephp\src\Routing\Middleware\RoutingMiddleware.php:166
- C:\xampp\htdocs\FinSon\vendor\cakephp\cakephp\src\Http\Runner.php:73
- C:\xampp\htdocs\FinSon\vendor\cakephp\cakephp\src\Routing\Middleware\AssetMiddleware.php:68
- C:\xampp\htdocs\FinSon\vendor\cakephp\cakephp\src\Http\Runner.php:73
- C:\xampp\htdocs\FinSon\vendor\cakephp\cakephp\src\Error\Middleware\ErrorHandlerMiddleware.php:121
- C:\xampp\htdocs\FinSon\vendor\cakephp\cakephp\src\Http\Runner.php:73
- C:\xampp\htdocs\FinSon\vendor\cakephp\debug_kit\src\Middleware\DebugKitMiddleware.php:60
- C:\xampp\htdocs\FinSon\vendor\cakephp\cakephp\src\Http\Runner.php:73
- C:\xampp\htdocs\FinSon\vendor\cakephp\cakephp\src\Http\Runner.php:58
- C:\xampp\htdocs\FinSon\vendor\cakephp\cakephp\src\Http\Server.php:90
- C:\xampp\htdocs\FinSon\webroot\index.php:40

Request URL: /structures-states
Referer URL: http://192.168.0.5/FinSon/structures-states/add
Client IP: 192.168.0.115


2020-10-01 14:47:19 Error: [Cake\Database\Exception\MissingConnectionException] Connection to Mysql could not be established: SQLSTATE[HY000] [2006] MySQL server has gone away in C:\xampp\htdocs\FinSon\vendor\cakephp\cakephp\src\Database\Driver.php on line 140
Exception Attributes: array (
  'driver' => 'Mysql',
  'reason' => 'SQLSTATE[HY000] [2006] MySQL server has gone away',
)
Stack Trace:
- C:\xampp\htdocs\FinSon\vendor\cakephp\cakephp\src\Database\Driver\Mysql.php:178
- C:\xampp\htdocs\FinSon\vendor\cakephp\cakephp\src\Database\Schema\SchemaDialect.php:47
- C:\xampp\htdocs\FinSon\vendor\cakephp\cakephp\src\Database\Driver\Mysql.php:230
- C:\xampp\htdocs\FinSon\vendor\cakephp\cakephp\src\Database\Schema\Collection.php:53
- C:\xampp\htdocs\FinSon\vendor\cakephp\cakephp\src\Database\Connection.php:399
- C:\xampp\htdocs\FinSon\vendor\cakephp\cakephp\src\ORM\Table.php:508
- C:\xampp\htdocs\FinSon\vendor\cakephp\cakephp\src\ORM\Query.php:277
- C:\xampp\htdocs\FinSon\vendor\cakephp\cakephp\src\ORM\Query.php:177
- C:\xampp\htdocs\FinSon\vendor\cakephp\cakephp\src\ORM\Table.php:1679
- C:\xampp\htdocs\FinSon\vendor\cakephp\cakephp\src\ORM\Table.php:1261
- C:\xampp\htdocs\FinSon\vendor\cakephp\cakephp\src\Datasource\Paginator.php:208
- C:\xampp\htdocs\FinSon\vendor\cakephp\cakephp\src\Datasource\Paginator.php:177
- C:\xampp\htdocs\FinSon\vendor\cakephp\cakephp\src\Controller\Component\PaginatorComponent.php:203
- C:\xampp\htdocs\FinSon\vendor\cakephp\cakephp\src\Controller\Controller.php:788
- C:\xampp\htdocs\FinSon\src\Controller\StructuresStatesController.php:26
- C:\xampp\htdocs\FinSon\vendor\cakephp\cakephp\src\Controller\Controller.php:529
- C:\xampp\htdocs\FinSon\vendor\cakephp\cakephp\src\Controller\ControllerFactory.php:79
- C:\xampp\htdocs\FinSon\vendor\cakephp\cakephp\src\Http\BaseApplication.php:251
- C:\xampp\htdocs\FinSon\vendor\cakephp\cakephp\src\Http\Runner.php:77
- C:\xampp\htdocs\FinSon\vendor\cakephp\cakephp\src\Http\Middleware\CsrfProtectionMiddleware.php:156
- C:\xampp\htdocs\FinSon\vendor\cakephp\cakephp\src\Http\Runner.php:73
- C:\xampp\htdocs\FinSon\vendor\cakephp\cakephp\src\Http\Middleware\BodyParserMiddleware.php:159
- C:\xampp\htdocs\FinSon\vendor\cakephp\cakephp\src\Http\Runner.php:73
- C:\xampp\htdocs\FinSon\vendor\cakephp\cakephp\src\Routing\Middleware\RoutingMiddleware.php:166
- C:\xampp\htdocs\FinSon\vendor\cakephp\cakephp\src\Http\Runner.php:73
- C:\xampp\htdocs\FinSon\vendor\cakephp\cakephp\src\Routing\Middleware\AssetMiddleware.php:68
- C:\xampp\htdocs\FinSon\vendor\cakephp\cakephp\src\Http\Runner.php:73
- C:\xampp\htdocs\FinSon\vendor\cakephp\cakephp\src\Error\Middleware\ErrorHandlerMiddleware.php:121
- C:\xampp\htdocs\FinSon\vendor\cakephp\cakephp\src\Http\Runner.php:73
- C:\xampp\htdocs\FinSon\vendor\cakephp\debug_kit\src\Middleware\DebugKitMiddleware.php:60
- C:\xampp\htdocs\FinSon\vendor\cakephp\cakephp\src\Http\Runner.php:73
- C:\xampp\htdocs\FinSon\vendor\cakephp\cakephp\src\Http\Runner.php:58
- C:\xampp\htdocs\FinSon\vendor\cakephp\cakephp\src\Http\Server.php:90
- C:\xampp\htdocs\FinSon\webroot\index.php:40

Caused by: [PDOException] SQLSTATE[HY000] [2006] MySQL server has gone away in C:\xampp\htdocs\FinSon\vendor\cakephp\cakephp\src\Database\Driver.php on line 132
Stack Trace:
- C:\xampp\htdocs\FinSon\vendor\cakephp\cakephp\src\Database\Driver.php:132
- C:\xampp\htdocs\FinSon\vendor\cakephp\cakephp\src\Core\Retry\CommandRetry.php:70
- C:\xampp\htdocs\FinSon\vendor\cakephp\cakephp\src\Database\Driver.php:138
- C:\xampp\htdocs\FinSon\vendor\cakephp\cakephp\src\Database\Driver\Mysql.php:178
- C:\xampp\htdocs\FinSon\vendor\cakephp\cakephp\src\Database\Schema\SchemaDialect.php:47
- C:\xampp\htdocs\FinSon\vendor\cakephp\cakephp\src\Database\Driver\Mysql.php:230
- C:\xampp\htdocs\FinSon\vendor\cakephp\cakephp\src\Database\Schema\Collection.php:53
- C:\xampp\htdocs\FinSon\vendor\cakephp\cakephp\src\Database\Connection.php:399
- C:\xampp\htdocs\FinSon\vendor\cakephp\cakephp\src\ORM\Table.php:508
- C:\xampp\htdocs\FinSon\vendor\cakephp\cakephp\src\ORM\Query.php:277
- C:\xampp\htdocs\FinSon\vendor\cakephp\cakephp\src\ORM\Query.php:177
- C:\xampp\htdocs\FinSon\vendor\cakephp\cakephp\src\ORM\Table.php:1679
- C:\xampp\htdocs\FinSon\vendor\cakephp\cakephp\src\ORM\Table.php:1261
- C:\xampp\htdocs\FinSon\vendor\cakephp\cakephp\src\Datasource\Paginator.php:208
- C:\xampp\htdocs\FinSon\vendor\cakephp\cakephp\src\Datasource\Paginator.php:177
- C:\xampp\htdocs\FinSon\vendor\cakephp\cakephp\src\Controller\Component\PaginatorComponent.php:203
- C:\xampp\htdocs\FinSon\vendor\cakephp\cakephp\src\Controller\Controller.php:788
- C:\xampp\htdocs\FinSon\src\Controller\StructuresStatesController.php:26
- C:\xampp\htdocs\FinSon\vendor\cakephp\cakephp\src\Controller\Controller.php:529
- C:\xampp\htdocs\FinSon\vendor\cakephp\cakephp\src\Controller\ControllerFactory.php:79
- C:\xampp\htdocs\FinSon\vendor\cakephp\cakephp\src\Http\BaseApplication.php:251
- C:\xampp\htdocs\FinSon\vendor\cakephp\cakephp\src\Http\Runner.php:77
- C:\xampp\htdocs\FinSon\vendor\cakephp\cakephp\src\Http\Middleware\CsrfProtectionMiddleware.php:156
- C:\xampp\htdocs\FinSon\vendor\cakephp\cakephp\src\Http\Runner.php:73
- C:\xampp\htdocs\FinSon\vendor\cakephp\cakephp\src\Http\Middleware\BodyParserMiddleware.php:159
- C:\xampp\htdocs\FinSon\vendor\cakephp\cakephp\src\Http\Runner.php:73
- C:\xampp\htdocs\FinSon\vendor\cakephp\cakephp\src\Routing\Middleware\RoutingMiddleware.php:166
- C:\xampp\htdocs\FinSon\vendor\cakephp\cakephp\src\Http\Runner.php:73
- C:\xampp\htdocs\FinSon\vendor\cakephp\cakephp\src\Routing\Middleware\AssetMiddleware.php:68
- C:\xampp\htdocs\FinSon\vendor\cakephp\cakephp\src\Http\Runner.php:73
- C:\xampp\htdocs\FinSon\vendor\cakephp\cakephp\src\Error\Middleware\ErrorHandlerMiddleware.php:121
- C:\xampp\htdocs\FinSon\vendor\cakephp\cakephp\src\Http\Runner.php:73
- C:\xampp\htdocs\FinSon\vendor\cakephp\debug_kit\src\Middleware\DebugKitMiddleware.php:60
- C:\xampp\htdocs\FinSon\vendor\cakephp\cakephp\src\Http\Runner.php:73
- C:\xampp\htdocs\FinSon\vendor\cakephp\cakephp\src\Http\Runner.php:58
- C:\xampp\htdocs\FinSon\vendor\cakephp\cakephp\src\Http\Server.php:90
- C:\xampp\htdocs\FinSon\webroot\index.php:40

Caused by: [PDOException] Packets out of order. Expected 0 received 1. Packet size=68 in C:\xampp\htdocs\FinSon\vendor\cakephp\cakephp\src\Database\Driver.php on line 132
Stack Trace:
- C:\xampp\htdocs\FinSon\vendor\cakephp\cakephp\src\Database\Driver.php:132
- C:\xampp\htdocs\FinSon\vendor\cakephp\cakephp\src\Core\Retry\CommandRetry.php:70
- C:\xampp\htdocs\FinSon\vendor\cakephp\cakephp\src\Database\Driver.php:138
- C:\xampp\htdocs\FinSon\vendor\cakephp\cakephp\src\Database\Driver\Mysql.php:178
- C:\xampp\htdocs\FinSon\vendor\cakephp\cakephp\src\Database\Schema\SchemaDialect.php:47
- C:\xampp\htdocs\FinSon\vendor\cakephp\cakephp\src\Database\Driver\Mysql.php:230
- C:\xampp\htdocs\FinSon\vendor\cakephp\cakephp\src\Database\Schema\Collection.php:53
- C:\xampp\htdocs\FinSon\vendor\cakephp\cakephp\src\Database\Connection.php:399
- C:\xampp\htdocs\FinSon\vendor\cakephp\cakephp\src\ORM\Table.php:508
- C:\xampp\htdocs\FinSon\vendor\cakephp\cakephp\src\ORM\Query.php:277
- C:\xampp\htdocs\FinSon\vendor\cakephp\cakephp\src\ORM\Query.php:177
- C:\xampp\htdocs\FinSon\vendor\cakephp\cakephp\src\ORM\Table.php:1679
- C:\xampp\htdocs\FinSon\vendor\cakephp\cakephp\src\ORM\Table.php:1261
- C:\xampp\htdocs\FinSon\vendor\cakephp\cakephp\src\Datasource\Paginator.php:208
- C:\xampp\htdocs\FinSon\vendor\cakephp\cakephp\src\Datasource\Paginator.php:177
- C:\xampp\htdocs\FinSon\vendor\cakephp\cakephp\src\Controller\Component\PaginatorComponent.php:203
- C:\xampp\htdocs\FinSon\vendor\cakephp\cakephp\src\Controller\Controller.php:788
- C:\xampp\htdocs\FinSon\src\Controller\StructuresStatesController.php:26
- C:\xampp\htdocs\FinSon\vendor\cakephp\cakephp\src\Controller\Controller.php:529
- C:\xampp\htdocs\FinSon\vendor\cakephp\cakephp\src\Controller\ControllerFactory.php:79
- C:\xampp\htdocs\FinSon\vendor\cakephp\cakephp\src\Http\BaseApplication.php:251
- C:\xampp\htdocs\FinSon\vendor\cakephp\cakephp\src\Http\Runner.php:77
- C:\xampp\htdocs\FinSon\vendor\cakephp\cakephp\src\Http\Middleware\CsrfProtectionMiddleware.php:156
- C:\xampp\htdocs\FinSon\vendor\cakephp\cakephp\src\Http\Runner.php:73
- C:\xampp\htdocs\FinSon\vendor\cakephp\cakephp\src\Http\Middleware\BodyParserMiddleware.php:159
- C:\xampp\htdocs\FinSon\vendor\cakephp\cakephp\src\Http\Runner.php:73
- C:\xampp\htdocs\FinSon\vendor\cakephp\cakephp\src\Routing\Middleware\RoutingMiddleware.php:166
- C:\xampp\htdocs\FinSon\vendor\cakephp\cakephp\src\Http\Runner.php:73
- C:\xampp\htdocs\FinSon\vendor\cakephp\cakephp\src\Routing\Middleware\AssetMiddleware.php:68
- C:\xampp\htdocs\FinSon\vendor\cakephp\cakephp\src\Http\Runner.php:73
- C:\xampp\htdocs\FinSon\vendor\cakephp\cakephp\src\Error\Middleware\ErrorHandlerMiddleware.php:121
- C:\xampp\htdocs\FinSon\vendor\cakephp\cakephp\src\Http\Runner.php:73
- C:\xampp\htdocs\FinSon\vendor\cakephp\debug_kit\src\Middleware\DebugKitMiddleware.php:60
- C:\xampp\htdocs\FinSon\vendor\cakephp\cakephp\src\Http\Runner.php:73
- C:\xampp\htdocs\FinSon\vendor\cakephp\cakephp\src\Http\Runner.php:58
- C:\xampp\htdocs\FinSon\vendor\cakephp\cakephp\src\Http\Server.php:90
- C:\xampp\htdocs\FinSon\webroot\index.php:40

Request URL: /structures-states
Client IP: 192.168.0.115


2020-10-01 14:52:36 Error: Fatal Error (1): Maximum execution time of 120 seconds exceeded in [C:\xampp\htdocs\FinSon\vendor\cakephp\cakephp\src\Core\Retry\CommandRetry.php, line 70]
Request URL: /structures-states
Client IP: 192.168.0.115
Trace:
Cake\Error\BaseErrorHandler::handleFatalError() - CORE\src\Error\BaseErrorHandler.php, line 258
Cake\Error\BaseErrorHandler::Cake\Error\{closure}() - CORE\src\Error\BaseErrorHandler.php, line 122
[main] - [internal], line ??

2020-10-01 14:52:36 Error: [Cake\Error\FatalErrorException] Maximum execution time of 120 seconds exceeded in C:\xampp\htdocs\FinSon\vendor\cakephp\cakephp\src\Core\Retry\CommandRetry.php on line 70
Stack Trace:
- C:\xampp\htdocs\FinSon\vendor\cakephp\cakephp\src\Error\BaseErrorHandler.php:122
- [main] - [internal], line ??
Request URL: /structures-states
Client IP: 192.168.0.115


2020-10-01 15:27:55 Error: [Cake\Database\Exception\MissingConnectionException] Connection to Mysql could not be established: SQLSTATE[HY000] [2002] No se puede establecer una conexin ya que el equipo de destino deneg expresamente dicha conexin.
 in C:\xampp\htdocs\FinSon\vendor\cakephp\cakephp\src\Database\Driver.php on line 140
Exception Attributes: array (
  'driver' => 'Mysql',
  'reason' => 'SQLSTATE[HY000] [2002] No se puede establecer una conexin ya que el equipo de destino deneg expresamente dicha conexin.
',
)
Stack Trace:
- C:\xampp\htdocs\FinSon\vendor\cakephp\cakephp\src\Database\Driver\Mysql.php:178
- C:\xampp\htdocs\FinSon\vendor\cakephp\cakephp\src\Database\Schema\SchemaDialect.php:47
- C:\xampp\htdocs\FinSon\vendor\cakephp\cakephp\src\Database\Driver\Mysql.php:230
- C:\xampp\htdocs\FinSon\vendor\cakephp\cakephp\src\Database\Schema\Collection.php:53
- C:\xampp\htdocs\FinSon\vendor\cakephp\cakephp\src\Database\Connection.php:399
- C:\xampp\htdocs\FinSon\vendor\cakephp\cakephp\src\ORM\Table.php:508
- C:\xampp\htdocs\FinSon\vendor\cakephp\cakephp\src\ORM\Query.php:277
- C:\xampp\htdocs\FinSon\vendor\cakephp\cakephp\src\ORM\Query.php:177
- C:\xampp\htdocs\FinSon\vendor\cakephp\cakephp\src\ORM\Table.php:1679
- C:\xampp\htdocs\FinSon\vendor\cakephp\cakephp\src\ORM\Table.php:1261
- C:\xampp\htdocs\FinSon\vendor\cakephp\cakephp\src\Datasource\Paginator.php:208
- C:\xampp\htdocs\FinSon\vendor\cakephp\cakephp\src\Datasource\Paginator.php:177
- C:\xampp\htdocs\FinSon\vendor\cakephp\cakephp\src\Controller\Component\PaginatorComponent.php:203
- C:\xampp\htdocs\FinSon\vendor\cakephp\cakephp\src\Controller\Controller.php:788
- C:\xampp\htdocs\FinSon\src\Controller\StructuresStatesController.php:26
- C:\xampp\htdocs\FinSon\vendor\cakephp\cakephp\src\Controller\Controller.php:529
- C:\xampp\htdocs\FinSon\vendor\cakephp\cakephp\src\Controller\ControllerFactory.php:79
- C:\xampp\htdocs\FinSon\vendor\cakephp\cakephp\src\Http\BaseApplication.php:251
- C:\xampp\htdocs\FinSon\vendor\cakephp\cakephp\src\Http\Runner.php:77
- C:\xampp\htdocs\FinSon\vendor\cakephp\cakephp\src\Http\Middleware\CsrfProtectionMiddleware.php:156
- C:\xampp\htdocs\FinSon\vendor\cakephp\cakephp\src\Http\Runner.php:73
- C:\xampp\htdocs\FinSon\vendor\cakephp\cakephp\src\Http\Middleware\BodyParserMiddleware.php:159
- C:\xampp\htdocs\FinSon\vendor\cakephp\cakephp\src\Http\Runner.php:73
- C:\xampp\htdocs\FinSon\vendor\cakephp\cakephp\src\Routing\Middleware\RoutingMiddleware.php:166
- C:\xampp\htdocs\FinSon\vendor\cakephp\cakephp\src\Http\Runner.php:73
- C:\xampp\htdocs\FinSon\vendor\cakephp\cakephp\src\Routing\Middleware\AssetMiddleware.php:68
- C:\xampp\htdocs\FinSon\vendor\cakephp\cakephp\src\Http\Runner.php:73
- C:\xampp\htdocs\FinSon\vendor\cakephp\cakephp\src\Error\Middleware\ErrorHandlerMiddleware.php:121
- C:\xampp\htdocs\FinSon\vendor\cakephp\cakephp\src\Http\Runner.php:73
- C:\xampp\htdocs\FinSon\vendor\cakephp\debug_kit\src\Middleware\DebugKitMiddleware.php:60
- C:\xampp\htdocs\FinSon\vendor\cakephp\cakephp\src\Http\Runner.php:73
- C:\xampp\htdocs\FinSon\vendor\cakephp\cakephp\src\Http\Runner.php:58
- C:\xampp\htdocs\FinSon\vendor\cakephp\cakephp\src\Http\Server.php:90
- C:\xampp\htdocs\FinSon\webroot\index.php:40

Caused by: [PDOException] SQLSTATE[HY000] [2002] No se puede establecer una conexin ya que el equipo de destino deneg expresamente dicha conexin.
 in C:\xampp\htdocs\FinSon\vendor\cakephp\cakephp\src\Database\Driver.php on line 132
Stack Trace:
- C:\xampp\htdocs\FinSon\vendor\cakephp\cakephp\src\Database\Driver.php:132
- C:\xampp\htdocs\FinSon\vendor\cakephp\cakephp\src\Core\Retry\CommandRetry.php:70
- C:\xampp\htdocs\FinSon\vendor\cakephp\cakephp\src\Database\Driver.php:138
- C:\xampp\htdocs\FinSon\vendor\cakephp\cakephp\src\Database\Driver\Mysql.php:178
- C:\xampp\htdocs\FinSon\vendor\cakephp\cakephp\src\Database\Schema\SchemaDialect.php:47
- C:\xampp\htdocs\FinSon\vendor\cakephp\cakephp\src\Database\Driver\Mysql.php:230
- C:\xampp\htdocs\FinSon\vendor\cakephp\cakephp\src\Database\Schema\Collection.php:53
- C:\xampp\htdocs\FinSon\vendor\cakephp\cakephp\src\Database\Connection.php:399
- C:\xampp\htdocs\FinSon\vendor\cakephp\cakephp\src\ORM\Table.php:508
- C:\xampp\htdocs\FinSon\vendor\cakephp\cakephp\src\ORM\Query.php:277
- C:\xampp\htdocs\FinSon\vendor\cakephp\cakephp\src\ORM\Query.php:177
- C:\xampp\htdocs\FinSon\vendor\cakephp\cakephp\src\ORM\Table.php:1679
- C:\xampp\htdocs\FinSon\vendor\cakephp\cakephp\src\ORM\Table.php:1261
- C:\xampp\htdocs\FinSon\vendor\cakephp\cakephp\src\Datasource\Paginator.php:208
- C:\xampp\htdocs\FinSon\vendor\cakephp\cakephp\src\Datasource\Paginator.php:177
- C:\xampp\htdocs\FinSon\vendor\cakephp\cakephp\src\Controller\Component\PaginatorComponent.php:203
- C:\xampp\htdocs\FinSon\vendor\cakephp\cakephp\src\Controller\Controller.php:788
- C:\xampp\htdocs\FinSon\src\Controller\StructuresStatesController.php:26
- C:\xampp\htdocs\FinSon\vendor\cakephp\cakephp\src\Controller\Controller.php:529
- C:\xampp\htdocs\FinSon\vendor\cakephp\cakephp\src\Controller\ControllerFactory.php:79
- C:\xampp\htdocs\FinSon\vendor\cakephp\cakephp\src\Http\BaseApplication.php:251
- C:\xampp\htdocs\FinSon\vendor\cakephp\cakephp\src\Http\Runner.php:77
- C:\xampp\htdocs\FinSon\vendor\cakephp\cakephp\src\Http\Middleware\CsrfProtectionMiddleware.php:156
- C:\xampp\htdocs\FinSon\vendor\cakephp\cakephp\src\Http\Runner.php:73
- C:\xampp\htdocs\FinSon\vendor\cakephp\cakephp\src\Http\Middleware\BodyParserMiddleware.php:159
- C:\xampp\htdocs\FinSon\vendor\cakephp\cakephp\src\Http\Runner.php:73
- C:\xampp\htdocs\FinSon\vendor\cakephp\cakephp\src\Routing\Middleware\RoutingMiddleware.php:166
- C:\xampp\htdocs\FinSon\vendor\cakephp\cakephp\src\Http\Runner.php:73
- C:\xampp\htdocs\FinSon\vendor\cakephp\cakephp\src\Routing\Middleware\AssetMiddleware.php:68
- C:\xampp\htdocs\FinSon\vendor\cakephp\cakephp\src\Http\Runner.php:73
- C:\xampp\htdocs\FinSon\vendor\cakephp\cakephp\src\Error\Middleware\ErrorHandlerMiddleware.php:121
- C:\xampp\htdocs\FinSon\vendor\cakephp\cakephp\src\Http\Runner.php:73
- C:\xampp\htdocs\FinSon\vendor\cakephp\debug_kit\src\Middleware\DebugKitMiddleware.php:60
- C:\xampp\htdocs\FinSon\vendor\cakephp\cakephp\src\Http\Runner.php:73
- C:\xampp\htdocs\FinSon\vendor\cakephp\cakephp\src\Http\Runner.php:58
- C:\xampp\htdocs\FinSon\vendor\cakephp\cakephp\src\Http\Server.php:90
- C:\xampp\htdocs\FinSon\webroot\index.php:40

Request URL: /structures-states
Client IP: 192.168.0.115


2020-10-01 15:31:38 Error: Fatal Error (1): Maximum execution time of 120 seconds exceeded in [C:\xampp\htdocs\FinSon\vendor\cakephp\cakephp\src\Core\Retry\CommandRetry.php, line 70]
Request URL: /structures-states
Client IP: 192.168.0.115
Trace:
Cake\Error\BaseErrorHandler::handleFatalError() - CORE\src\Error\BaseErrorHandler.php, line 258
Cake\Error\BaseErrorHandler::Cake\Error\{closure}() - CORE\src\Error\BaseErrorHandler.php, line 122
[main] - [internal], line ??

2020-10-01 15:31:38 Error: [Cake\Error\FatalErrorException] Maximum execution time of 120 seconds exceeded in C:\xampp\htdocs\FinSon\vendor\cakephp\cakephp\src\Core\Retry\CommandRetry.php on line 70
Stack Trace:
- C:\xampp\htdocs\FinSon\vendor\cakephp\cakephp\src\Error\BaseErrorHandler.php:122
- [main] - [internal], line ??
Request URL: /structures-states
Client IP: 192.168.0.115


2020-10-01 15:31:50 Error: Fatal Error (1): Maximum execution time of 120 seconds exceeded in [C:\xampp\htdocs\FinSon\vendor\cakephp\cakephp\src\Core\Retry\CommandRetry.php, line 70]
Request URL: /structures-states
Client IP: 192.168.0.115
Trace:
Cake\Error\BaseErrorHandler::handleFatalError() - CORE\src\Error\BaseErrorHandler.php, line 258
Cake\Error\BaseErrorHandler::Cake\Error\{closure}() - CORE\src\Error\BaseErrorHandler.php, line 122
[main] - [internal], line ??

2020-10-01 15:31:50 Error: [Cake\Error\FatalErrorException] Maximum execution time of 120 seconds exceeded in C:\xampp\htdocs\FinSon\vendor\cakephp\cakephp\src\Core\Retry\CommandRetry.php on line 70
Stack Trace:
- C:\xampp\htdocs\FinSon\vendor\cakephp\cakephp\src\Error\BaseErrorHandler.php:122
- [main] - [internal], line ??
Request URL: /structures-states
Client IP: 192.168.0.115


2020-10-01 15:32:20 Error: Fatal Error (1): Maximum execution time of 120 seconds exceeded in [C:\xampp\htdocs\FinSon\vendor\cakephp\cakephp\src\Core\Retry\CommandRetry.php, line 70]
Request URL: /
Client IP: 192.168.0.115
Trace:
Cake\Error\BaseErrorHandler::handleFatalError() - CORE\src\Error\BaseErrorHandler.php, line 258
Cake\Error\BaseErrorHandler::Cake\Error\{closure}() - CORE\src\Error\BaseErrorHandler.php, line 122
[main] - [internal], line ??

2020-10-01 15:32:20 Error: [Cake\Error\FatalErrorException] Maximum execution time of 120 seconds exceeded in C:\xampp\htdocs\FinSon\vendor\cakephp\cakephp\src\Core\Retry\CommandRetry.php on line 70
Stack Trace:
- C:\xampp\htdocs\FinSon\vendor\cakephp\cakephp\src\Error\BaseErrorHandler.php:122
- [main] - [internal], line ??
Request URL: /
Client IP: 192.168.0.115


